SF:bindings/wasm/src/credential/credential.rs
FN:18,_RNvXs8_NtNtCskt00YjyhLiG_13identity_wasm10credential10credentialNtB5_20VerifiableCredentialNtNtCs4RZURTQcbNt_4core3fmt5Debug3fmt
FN:25,_RNvMsa_NtNtCskt00YjyhLiG_13identity_wasm10credential10credentialNtB5_20VerifiableCredential6extend
FN:61,_RNvMsa_NtNtCskt00YjyhLiG_13identity_wasm10credential10credentialNtB5_20VerifiableCredential5issue
FNDA:0,_RNvXs8_NtNtCskt00YjyhLiG_13identity_wasm10credential10credentialNtB5_20VerifiableCredentialNtNtCs4RZURTQcbNt_4core3fmt5Debug3fmt
FNDA:0,_RNvMsa_NtNtCskt00YjyhLiG_13identity_wasm10credential10credentialNtB5_20VerifiableCredential6extend
FNDA:0,_RNvMsa_NtNtCskt00YjyhLiG_13identity_wasm10credential10credentialNtB5_20VerifiableCredential5issue
FNF:3
FNH:0
DA:18,0
DA:19,0
DA:22,0
DA:25,0
DA:26,0
DA:28,0
DA:29,0
DA:30,0
DA:31,0
DA:32,0
DA:33,0
DA:34,0
DA:35,0
DA:36,0
DA:37,0
DA:38,0
DA:39,0
DA:41,0
DA:43,0
DA:44,0
DA:45,0
DA:48,0
DA:49,0
DA:51,0
DA:52,0
DA:53,0
DA:55,0
DA:56,0
DA:57,0
DA:58,0
DA:61,0
DA:62,0
DA:63,0
DA:64,0
DA:65,0
DA:66,0
DA:67,0
DA:68,0
DA:69,0
DA:71,0
DA:72,0
DA:73,0
DA:75,0
DA:76,0
DA:77,0
DA:79,0
DA:80,0
DA:81,0
DA:83,0
DA:84,0
BRF:0
BFH:0
LF:50
LH:0
end_of_record
SF:bindings/wasm/src/credential/presentation.rs
FN:14,_RNvXNtNtCskt00YjyhLiG_13identity_wasm10credential12presentationNtB2_22VerifiablePresentationNtNtCslJyejyMUgKL_12wasm_bindgen8describe12WasmDescribe8describe
FN:21,_RNvMsa_NtNtCskt00YjyhLiG_13identity_wasm10credential12presentationNtB5_22VerifiablePresentation3new
FNDA:0,_RNvXNtNtCskt00YjyhLiG_13identity_wasm10credential12presentationNtB2_22VerifiablePresentationNtNtCslJyejyMUgKL_12wasm_bindgen8describe12WasmDescribe8describe
FNDA:0,_RNvMsa_NtNtCskt00YjyhLiG_13identity_wasm10credential12presentationNtB5_22VerifiablePresentation3new
FNF:2
FNH:0
DA:14,0
DA:15,0
DA:18,0
DA:21,0
DA:22,0
DA:23,0
DA:24,0
DA:25,0
DA:26,0
DA:27,0
DA:28,0
DA:30,0
DA:32,0
DA:33,0
DA:34,0
DA:36,0
DA:37,0
DA:38,0
DA:40,0
DA:41,0
DA:42,0
DA:44,0
DA:45,0
BRF:0
BFH:0
LF:23
LH:0
end_of_record
SF:bindings/wasm/src/crypto/key_collection.rs
FN:18,_RNvXNvXNvNtNtCskt00YjyhLiG_13identity_wasm6crypto14key_collections1_1__NtB7_7KeyDataNtNtCsbmAr7Tf4vl1_5serde2de11Deserialize11deserializeNtB2_14___FieldVisitorNtB1m_7Visitor9expecting
FN:99,_RNvMs8_NtNtCskt00YjyhLiG_13identity_wasm6crypto14key_collectionNtB5_13KeyCollection7to_json
FN:84,_RNvMs8_NtNtCskt00YjyhLiG_13identity_wasm6crypto14key_collectionNtB5_13KeyCollection12merkle_proof
FN:121,_RNvMs8_NtNtCskt00YjyhLiG_13identity_wasm6crypto14key_collectionNtB5_13KeyCollection9from_json
FN:124,_RNCNvMs8_NtNtCskt00YjyhLiG_13identity_wasm6crypto14key_collectionNtB7_13KeyCollection9from_json0Bb_
FNDA:0,_RNvXNvXNvNtNtCskt00YjyhLiG_13identity_wasm6crypto14key_collections1_1__NtB7_7KeyDataNtNtCsbmAr7Tf4vl1_5serde2de11Deserialize11deserializeNtB2_14___FieldVisitorNtB1m_7Visitor9expecting
FNDA:0,_RNvMs8_NtNtCskt00YjyhLiG_13identity_wasm6crypto14key_collectionNtB5_13KeyCollection7to_json
FNDA:0,_RNvMs8_NtNtCskt00YjyhLiG_13identity_wasm6crypto14key_collectionNtB5_13KeyCollection12merkle_proof
FNDA:0,_RNvMs8_NtNtCskt00YjyhLiG_13identity_wasm6crypto14key_collectionNtB5_13KeyCollection9from_json
FNDA:0,_RNCNvMs8_NtNtCskt00YjyhLiG_13identity_wasm6crypto14key_collectionNtB7_13KeyCollection9from_json0Bb_
FNF:5
FNH:0
DA:18,0
DA:25,0
DA:34,0
DA:35,0
DA:38,0
DA:84,0
DA:85,0
DA:87,0
DA:88,0
DA:89,0
DA:92,0
DA:95,0
DA:99,0
DA:100,0
DA:101,0
DA:102,0
DA:103,0
DA:104,0
DA:105,0
DA:108,0
DA:109,0
DA:110,0
DA:111,0
DA:112,0
DA:113,0
DA:114,0
DA:115,0
DA:116,0
DA:117,0
DA:121,0
DA:122,0
DA:124,0
DA:125,0
DA:126,0
DA:128,0
DA:129,0
DA:130,0
DA:131,0
DA:132,0
DA:133,0
DA:134,0
BRF:0
BFH:0
LF:43
LH:0
end_of_record
SF:bindings/wasm/src/crypto/key_pair.rs
FN:14,_RNvXs_NtNtCskt00YjyhLiG_13identity_wasm6crypto8key_pairNtB4_7KeyPairNtNtNtCslJyejyMUgKL_12wasm_bindgen7convert6traits11IntoWasmAbi8into_abi
FN:39,_RNvMs8_NtNtCskt00YjyhLiG_13identity_wasm6crypto8key_pairNtB5_7KeyPair11from_base58
FN:72,_RNvMs8_NtNtCskt00YjyhLiG_13identity_wasm6crypto8key_pairNtB5_7KeyPair9from_json
FNDA:0,_RNvXs_NtNtCskt00YjyhLiG_13identity_wasm6crypto8key_pairNtB4_7KeyPairNtNtNtCslJyejyMUgKL_12wasm_bindgen7convert6traits11IntoWasmAbi8into_abi
FNDA:0,_RNvMs8_NtNtCskt00YjyhLiG_13identity_wasm6crypto8key_pairNtB5_7KeyPair11from_base58
FNDA:0,_RNvMs8_NtNtCskt00YjyhLiG_13identity_wasm6crypto8key_pairNtB5_7KeyPair9from_json
FNF:3
FNH:0
DA:14,0
DA:25,0
DA:29,0
DA:39,0
DA:40,0
DA:41,0
DA:43,0
DA:44,0
DA:72,0
DA:73,0
DA:75,0
DA:76,0
BRF:0
BFH:0
LF:12
LH:0
end_of_record
SF:bindings/wasm/src/crypto/key_type.rs
FN:8,_RNvXNtNtCskt00YjyhLiG_13identity_wasm6crypto8key_typeNtB2_7KeyTypeNtNtCs4RZURTQcbNt_4core7default7Default7default
FNDA:0,_RNvXNtNtCskt00YjyhLiG_13identity_wasm6crypto8key_typeNtB2_7KeyTypeNtNtCs4RZURTQcbNt_4core7default7Default7default
FNF:1
FNH:0
DA:8,0
DA:9,0
DA:16,0
DA:17,0
DA:18,0
BRF:0
BFH:0
LF:5
LH:0
end_of_record
SF:bindings/wasm/src/did.rs
FN:30,_RNvMsa_NtCskt00YjyhLiG_13identity_wasm3didNtB5_3DID11from_base58
FN:12,_RNvXs0_NtCskt00YjyhLiG_13identity_wasm3didNtB5_3DIDNtNtNtCslJyejyMUgKL_12wasm_bindgen7convert6traits11FromWasmAbi8from_abi
FNDA:0,_RNvMsa_NtCskt00YjyhLiG_13identity_wasm3didNtB5_3DID11from_base58
FNDA:0,_RNvXs0_NtCskt00YjyhLiG_13identity_wasm3didNtB5_3DIDNtNtNtCslJyejyMUgKL_12wasm_bindgen7convert6traits11FromWasmAbi8from_abi
FNF:2
FNH:0
DA:12,0
DA:13,0
DA:16,0
DA:30,0
DA:31,0
DA:32,0
DA:33,0
DA:34,0
DA:35,0
DA:36,0
BRF:0
BFH:0
LF:10
LH:0
end_of_record
SF:bindings/wasm/src/document.rs
FN:28,_RNvMsj_NtCskt00YjyhLiG_13identity_wasm8documentNtB5_8Document13insert_method
FN:157,_RNvMsj_NtCskt00YjyhLiG_13identity_wasm8documentNtB5_8Document9sign_data
FN:59,_RNvMsj_NtCskt00YjyhLiG_13identity_wasm8documentNtB5_8Document3new
FN:144,_RNvMsj_NtCskt00YjyhLiG_13identity_wasm8documentNtB5_8Document17sign_presentation
FN:136,_RNvMsj_NtCskt00YjyhLiG_13identity_wasm8documentNtB5_8Document15sign_credential
FN:96,_RNvMsj_NtCskt00YjyhLiG_13identity_wasm8documentNtB5_8Document5proof
FN:258,_RNvMsj_NtCskt00YjyhLiG_13identity_wasm8documentNtB5_8Document5merge
FN:217,_RNvMsj_NtCskt00YjyhLiG_13identity_wasm8documentNtB5_8Document11verify_data
FN:225,_RNvMsj_NtCskt00YjyhLiG_13identity_wasm8documentNtB5_8Document11resolve_key
FN:232,_RNvMsj_NtCskt00YjyhLiG_13identity_wasm8documentNtB5_8Document17revoke_merkle_key
FN:248,_RNvMsj_NtCskt00YjyhLiG_13identity_wasm8documentNtB5_8Document4diff
FNDA:0,_RNvMsj_NtCskt00YjyhLiG_13identity_wasm8documentNtB5_8Document13insert_method
FNDA:0,_RNvMsj_NtCskt00YjyhLiG_13identity_wasm8documentNtB5_8Document9sign_data
FNDA:0,_RNvMsj_NtCskt00YjyhLiG_13identity_wasm8documentNtB5_8Document3new
FNDA:0,_RNvMsj_NtCskt00YjyhLiG_13identity_wasm8documentNtB5_8Document17sign_presentation
FNDA:0,_RNvMsj_NtCskt00YjyhLiG_13identity_wasm8documentNtB5_8Document15sign_credential
FNDA:0,_RNvMsj_NtCskt00YjyhLiG_13identity_wasm8documentNtB5_8Document5proof
FNDA:0,_RNvMsj_NtCskt00YjyhLiG_13identity_wasm8documentNtB5_8Document5merge
FNDA:0,_RNvMsj_NtCskt00YjyhLiG_13identity_wasm8documentNtB5_8Document11verify_data
FNDA:0,_RNvMsj_NtCskt00YjyhLiG_13identity_wasm8documentNtB5_8Document11resolve_key
FNDA:0,_RNvMsj_NtCskt00YjyhLiG_13identity_wasm8documentNtB5_8Document17revoke_merkle_key
FNDA:0,_RNvMsj_NtCskt00YjyhLiG_13identity_wasm8documentNtB5_8Document4diff
FNF:11
FNH:0
DA:28,0
DA:34,0
DA:50,0
DA:51,0
DA:54,0
DA:59,0
DA:60,0
DA:61,0
DA:62,0
DA:64,0
DA:65,0
DA:66,0
DA:67,0
DA:68,0
DA:96,0
DA:97,0
DA:98,0
DA:99,0
DA:101,0
DA:108,0
DA:109,0
DA:111,0
DA:112,0
DA:136,0
DA:137,0
DA:138,0
DA:140,0
DA:141,0
DA:144,0
DA:145,0
DA:146,0
DA:148,0
DA:149,0
DA:157,0
DA:173,0
DA:174,0
DA:176,0
DA:178,0
DA:179,0
DA:180,0
DA:181,0
DA:183,0
DA:184,0
DA:185,0
DA:186,0
DA:187,0
DA:189,0
DA:190,0
DA:192,0
DA:193,0
DA:195,0
DA:196,0
DA:197,0
DA:198,0
DA:199,0
DA:200,0
DA:202,0
DA:205,0
DA:206,0
DA:208,0
DA:212,0
DA:213,0
DA:217,0
DA:218,0
DA:219,0
DA:220,0
DA:221,0
DA:222,0
DA:225,0
DA:226,0
DA:228,0
DA:229,0
DA:232,0
DA:233,0
DA:234,0
DA:235,0
DA:236,0
DA:237,0
DA:239,0
DA:240,0
DA:248,0
DA:249,0
DA:250,0
DA:251,0
DA:252,0
DA:253,0
DA:254,0
DA:258,0
DA:259,0
DA:261,0
DA:263,0
DA:264,0
BRF:0
BFH:0
LF:92
LH:0
end_of_record
SF:bindings/wasm/src/iota.rs
FN:54,_RNCNvNtCskt00YjyhLiG_13identity_wasm4iota7publish0B5_
FN:81,_RNCNvNtCskt00YjyhLiG_13identity_wasm4iota16check_credential0B5_
FN:68,_RNCNvNtCskt00YjyhLiG_13identity_wasm4iota7resolve0B5_
FN:91,_RNCNvNtCskt00YjyhLiG_13identity_wasm4iota18check_presentation0B5_
FN:16,_RNvXNtCskt00YjyhLiG_13identity_wasm4iotaNtB2_10ClientNodeNtNtCs4RZURTQcbNt_4core3fmt5Debug3fmt
FN:31,_RNvNtCskt00YjyhLiG_13identity_wasm4iota6client
FNDA:0,_RNCNvNtCskt00YjyhLiG_13identity_wasm4iota7publish0B5_
FNDA:0,_RNCNvNtCskt00YjyhLiG_13identity_wasm4iota16check_credential0B5_
FNDA:0,_RNCNvNtCskt00YjyhLiG_13identity_wasm4iota7resolve0B5_
FNDA:0,_RNCNvNtCskt00YjyhLiG_13identity_wasm4iota18check_presentation0B5_
FNDA:0,_RNvXNtCskt00YjyhLiG_13identity_wasm4iotaNtB2_10ClientNodeNtNtCs4RZURTQcbNt_4core3fmt5Debug3fmt
FNDA:0,_RNvNtCskt00YjyhLiG_13identity_wasm4iota6client
FNF:6
FNH:0
DA:16,0
DA:24,0
DA:31,0
DA:32,0
DA:33,0
DA:35,0
DA:37,0
DA:38,0
DA:39,0
DA:40,0
DA:43,0
DA:44,0
DA:45,0
DA:47,0
DA:49,0
DA:54,0
DA:55,0
DA:57,0
DA:58,0
DA:63,0
DA:68,0
DA:69,0
DA:71,0
DA:72,0
DA:76,0
DA:81,0
DA:83,0
DA:85,0
DA:86,0
DA:91,0
DA:93,0
DA:94,0
DA:96,0
DA:98,0
DA:99,0
BRF:0
BFH:0
LF:35
LH:0
end_of_record
SF:bindings/wasm/src/method.rs
FN:14,_RNvXNtCskt00YjyhLiG_13identity_wasm6methodNtB2_6MethodNtNtCslJyejyMUgKL_12wasm_bindgen8describe12WasmDescribe8describe
FNDA:0,_RNvXNtCskt00YjyhLiG_13identity_wasm6methodNtB2_6MethodNtNtCslJyejyMUgKL_12wasm_bindgen8describe12WasmDescribe8describe
FNF:1
FNH:0
DA:14,0
DA:15,0
DA:18,0
BRF:0
BFH:0
LF:3
LH:0
end_of_record
SF:identity-account/src/error.rs
FN:26,_RNvXs_NtCsa2LO3QumKBA_16identity_account5errorNtB4_5ErrorINtNtCs4RZURTQcbNt_4core7convert4FromNtNtCsdeARM1s6qUm_5riker6system11SystemErrorE4from
FNDA:0,_RNvXs_NtCsa2LO3QumKBA_16identity_account5errorNtB4_5ErrorINtNtCs4RZURTQcbNt_4core7convert4FromNtNtCsdeARM1s6qUm_5riker6system11SystemErrorE4from
FNF:1
FNH:0
DA:26,0
DA:27,0
DA:28,0
DA:32,0
DA:33,0
DA:34,0
BRF:0
BFH:0
LF:6
LH:0
end_of_record
SF:identity-account/src/stronghold/context.rs
FN:130,_RNvXs0_NtNtCsa2LO3QumKBA_16identity_account10stronghold7contextNtB5_8DatabaseNtNtNtCs4RZURTQcbNt_4core3ops5deref5Deref5deref
FN:137,_RNvMNtNtCsa2LO3QumKBA_16identity_account10stronghold7contextNtB2_7Context12set_password
FN:141,_RNvMNtNtCsa2LO3QumKBA_16identity_account10stronghold7contextNtB2_7Context18set_password_clear
FN:82,_RNvMNtNtCsa2LO3QumKBA_16identity_account10stronghold7contextNtB2_7Context3get
FN:429,_RNvMs2_NtNtCsa2LO3QumKBA_16identity_account10stronghold7contextNtB5_7Runtime12set_password
FN:145,_RNvMNtNtCsa2LO3QumKBA_16identity_account10stronghold7contextNtB2_7Context15snapshot_status
FN:447,_RNvMs2_NtNtCsa2LO3QumKBA_16identity_account10stronghold7contextNtB5_7Runtime18set_password_clear
FN:390,_RNvMs2_NtNtCsa2LO3QumKBA_16identity_account10stronghold7contextNtB5_7Runtime4emit
FN:41,_RNvNtNtCsa2LO3QumKBA_16identity_account10stronghold7context13async_runtime
FN:423,_RNvMs2_NtNtCsa2LO3QumKBA_16identity_account10stronghold7contextNtB5_7Runtime16password_elapsed
FN:398,_RNvMs2_NtNtCsa2LO3QumKBA_16identity_account10stronghold7contextNtB5_7Runtime15snapshot_status
FN:453,_RNvMs2_NtNtCsa2LO3QumKBA_16identity_account10stronghold7contextNtB5_7Runtime15event_listeners
FN:457,_RNvMs2_NtNtCsa2LO3QumKBA_16identity_account10stronghold7contextNtB5_7Runtime14password_store
FN:47,_RNvNtNtCsa2LO3QumKBA_16identity_account10stronghold7context19async_runtime_guard
FN:461,_RNvMs2_NtNtCsa2LO3QumKBA_16identity_account10stronghold7contextNtB5_7Runtime14password_clear
FN:437,_RNvMs2_NtNtCsa2LO3QumKBA_16identity_account10stronghold7contextNtB5_7Runtime19set_password_access
FN:293,_RNvMs_NtNtCsa2LO3QumKBA_16identity_account10stronghold7contextNtB4_8Database20current_snapshot_neq
FN:286,_RNvMs_NtNtCsa2LO3QumKBA_16identity_account10stronghold7contextNtB4_8Database19current_snapshot_eq
FN:415,_RNvMs2_NtNtCsa2LO3QumKBA_16identity_account10stronghold7contextNtB5_7Runtime8password
FN:161,_RNCNvMNtNtCsa2LO3QumKBA_16identity_account10stronghold7contextNtB4_7Context6unload0B8_
FN:426,_RNCNvMs2_NtNtCsa2LO3QumKBA_16identity_account10stronghold7contextNtB7_7Runtime16password_elapsed0Bb_
FN:311,_RNCNvMs_NtNtCsa2LO3QumKBA_16identity_account10stronghold7contextNtB6_8Database5write0Ba_
FN:150,_RNCNvMNtNtCsa2LO3QumKBA_16identity_account10stronghold7contextNtB4_7Context4load0B8_
FN:328,_RNCNvMs_NtNtCsa2LO3QumKBA_16identity_account10stronghold7contextNtB6_8Database15switch_snapshot0Ba_
FN:48,_RNCNvNtNtCsa2LO3QumKBA_16identity_account10stronghold7context19async_runtime_guard0B7_
FN:104,_RNCNCNvMNtNtCsa2LO3QumKBA_16identity_account10stronghold7contextNtB6_7Context3gets_00Ba_
FN:103,_RNCNvMNtNtCsa2LO3QumKBA_16identity_account10stronghold7contextNtB4_7Context3gets_0B8_
FN:87,_RNCNvMNtNtCsa2LO3QumKBA_16identity_account10stronghold7contextNtB4_7Context3get0B8_
FN:121,_RNCNvMNtNtCsa2LO3QumKBA_16identity_account10stronghold7contextNtB4_7Context5scope0B8_
FN:249,_RNCNvMs_NtNtCsa2LO3QumKBA_16identity_account10stronghold7contextNtB6_8Database6unload0Ba_
FN:300,_RNCNvMs_NtNtCsa2LO3QumKBA_16identity_account10stronghold7contextNtB6_8Database5flush0Ba_
FN:51,_RNCNvNtNtCsa2LO3QumKBA_16identity_account10stronghold7context23clear_expired_passwords0B7_
FN:212,_RNCNvMs_NtNtCsa2LO3QumKBA_16identity_account10stronghold7contextNtB6_8Database8activate0Ba_
FNDA:0,_RNvXs0_NtNtCsa2LO3QumKBA_16identity_account10stronghold7contextNtB5_8DatabaseNtNtNtCs4RZURTQcbNt_4core3ops5deref5Deref5deref
FNDA:0,_RNvMNtNtCsa2LO3QumKBA_16identity_account10stronghold7contextNtB2_7Context12set_password
FNDA:0,_RNvMNtNtCsa2LO3QumKBA_16identity_account10stronghold7contextNtB2_7Context18set_password_clear
FNDA:0,_RNvMNtNtCsa2LO3QumKBA_16identity_account10stronghold7contextNtB2_7Context3get
FNDA:0,_RNvMs2_NtNtCsa2LO3QumKBA_16identity_account10stronghold7contextNtB5_7Runtime12set_password
FNDA:0,_RNvMNtNtCsa2LO3QumKBA_16identity_account10stronghold7contextNtB2_7Context15snapshot_status
FNDA:0,_RNvMs2_NtNtCsa2LO3QumKBA_16identity_account10stronghold7contextNtB5_7Runtime18set_password_clear
FNDA:0,_RNvMs2_NtNtCsa2LO3QumKBA_16identity_account10stronghold7contextNtB5_7Runtime4emit
FNDA:0,_RNvNtNtCsa2LO3QumKBA_16identity_account10stronghold7context13async_runtime
FNDA:0,_RNvMs2_NtNtCsa2LO3QumKBA_16identity_account10stronghold7contextNtB5_7Runtime16password_elapsed
FNDA:0,_RNvMs2_NtNtCsa2LO3QumKBA_16identity_account10stronghold7contextNtB5_7Runtime15snapshot_status
FNDA:0,_RNvMs2_NtNtCsa2LO3QumKBA_16identity_account10stronghold7contextNtB5_7Runtime15event_listeners
FNDA:0,_RNvMs2_NtNtCsa2LO3QumKBA_16identity_account10stronghold7contextNtB5_7Runtime14password_store
FNDA:0,_RNvNtNtCsa2LO3QumKBA_16identity_account10stronghold7context19async_runtime_guard
FNDA:0,_RNvMs2_NtNtCsa2LO3QumKBA_16identity_account10stronghold7contextNtB5_7Runtime14password_clear
FNDA:0,_RNvMs2_NtNtCsa2LO3QumKBA_16identity_account10stronghold7contextNtB5_7Runtime19set_password_access
FNDA:0,_RNvMs_NtNtCsa2LO3QumKBA_16identity_account10stronghold7contextNtB4_8Database20current_snapshot_neq
FNDA:0,_RNvMs_NtNtCsa2LO3QumKBA_16identity_account10stronghold7contextNtB4_8Database19current_snapshot_eq
FNDA:0,_RNvMs2_NtNtCsa2LO3QumKBA_16identity_account10stronghold7contextNtB5_7Runtime8password
FNDA:0,_RNCNvMNtNtCsa2LO3QumKBA_16identity_account10stronghold7contextNtB4_7Context6unload0B8_
FNDA:0,_RNCNvMs2_NtNtCsa2LO3QumKBA_16identity_account10stronghold7contextNtB7_7Runtime16password_elapsed0Bb_
FNDA:0,_RNCNvMs_NtNtCsa2LO3QumKBA_16identity_account10stronghold7contextNtB6_8Database5write0Ba_
FNDA:0,_RNCNvMNtNtCsa2LO3QumKBA_16identity_account10stronghold7contextNtB4_7Context4load0B8_
FNDA:0,_RNCNvMs_NtNtCsa2LO3QumKBA_16identity_account10stronghold7contextNtB6_8Database15switch_snapshot0Ba_
FNDA:0,_RNCNvNtNtCsa2LO3QumKBA_16identity_account10stronghold7context19async_runtime_guard0B7_
FNDA:0,_RNCNCNvMNtNtCsa2LO3QumKBA_16identity_account10stronghold7contextNtB6_7Context3gets_00Ba_
FNDA:0,_RNCNvMNtNtCsa2LO3QumKBA_16identity_account10stronghold7contextNtB4_7Context3gets_0B8_
FNDA:0,_RNCNvMNtNtCsa2LO3QumKBA_16identity_account10stronghold7contextNtB4_7Context3get0B8_
FNDA:0,_RNCNvMNtNtCsa2LO3QumKBA_16identity_account10stronghold7contextNtB4_7Context5scope0B8_
FNDA:0,_RNCNvMs_NtNtCsa2LO3QumKBA_16identity_account10stronghold7contextNtB6_8Database6unload0Ba_
FNDA:0,_RNCNvMs_NtNtCsa2LO3QumKBA_16identity_account10stronghold7contextNtB6_8Database5flush0Ba_
FNDA:0,_RNCNvNtNtCsa2LO3QumKBA_16identity_account10stronghold7context23clear_expired_passwords0B7_
FNDA:0,_RNCNvMs_NtNtCsa2LO3QumKBA_16identity_account10stronghold7contextNtB6_8Database8activate0Ba_
FNF:33
FNH:0
DA:41,0
DA:42,0
DA:43,0
DA:44,0
DA:45,0
DA:47,0
DA:48,0
DA:49,0
DA:51,0
DA:52,0
DA:53,0
DA:55,0
DA:56,0
DA:57,0
DA:58,0
DA:59,0
DA:61,0
DA:62,0
DA:63,0
DA:64,0
DA:68,0
DA:70,0
DA:71,0
DA:72,0
DA:73,0
DA:75,0
DA:78,0
DA:79,0
DA:82,0
DA:87,0
DA:88,0
DA:89,0
DA:90,0
DA:91,0
DA:93,0
DA:94,0
DA:95,0
DA:96,0
DA:97,0
DA:98,0
DA:99,0
DA:100,0
DA:103,0
DA:104,0
DA:105,0
DA:109,0
DA:110,0
DA:111,0
DA:112,0
DA:113,0
DA:114,0
DA:121,0
DA:122,0
DA:124,0
DA:125,0
DA:127,0
DA:128,0
DA:130,0
DA:131,0
DA:132,0
DA:133,0
DA:134,0
DA:135,0
DA:137,0
DA:138,0
DA:139,0
DA:141,0
DA:142,0
DA:143,0
DA:145,0
DA:146,0
DA:147,0
DA:150,0
DA:151,0
DA:153,0
DA:154,0
DA:155,0
DA:157,0
DA:158,0
DA:161,0
DA:162,0
DA:164,0
DA:166,0
DA:167,0
DA:169,0
DA:170,0
DA:171,0
DA:173,0
DA:175,0
DA:176,0
DA:212,0
DA:215,0
DA:216,0
DA:218,0
DA:219,0
DA:220,0
DA:222,0
DA:224,0
DA:227,0
DA:228,0
DA:229,0
DA:230,0
DA:232,0
DA:233,0
DA:234,0
DA:238,0
DA:240,0
DA:241,0
DA:243,0
DA:244,0
DA:246,0
DA:247,0
DA:249,0
DA:250,0
DA:253,0
DA:254,0
DA:255,0
DA:258,0
DA:260,0
DA:261,0
DA:262,0
DA:264,0
DA:267,0
DA:268,0
DA:269,0
DA:271,0
DA:274,0
DA:275,0
DA:276,0
DA:277,0
DA:280,0
DA:281,0
DA:282,0
DA:283,0
DA:284,0
DA:286,0
DA:288,0
DA:289,0
DA:291,0
DA:293,0
DA:295,0
DA:296,0
DA:298,0
DA:300,0
DA:301,0
DA:302,0
DA:303,0
DA:305,0
DA:306,0
DA:307,0
DA:308,0
DA:311,0
DA:313,0
DA:314,0
DA:316,0
DA:317,0
DA:318,0
DA:322,0
DA:323,0
DA:324,0
DA:325,0
DA:328,0
DA:329,0
DA:331,0
DA:332,0
DA:335,0
DA:336,0
DA:337,0
DA:339,0
DA:340,0
DA:346,0
DA:347,0
DA:348,0
DA:352,0
DA:353,0
DA:354,0
DA:381,0
DA:382,0
DA:383,0
DA:384,0
DA:385,0
DA:386,0
DA:387,0
DA:388,0
DA:390,0
DA:391,0
DA:392,0
DA:393,0
DA:395,0
DA:396,0
DA:398,0
DA:399,0
DA:400,0
DA:401,0
DA:403,0
DA:404,0
DA:405,0
DA:406,0
DA:408,0
DA:411,0
DA:413,0
DA:415,0
DA:416,0
DA:417,0
DA:418,0
DA:420,0
DA:421,0
DA:423,0
DA:424,0
DA:425,0
DA:426,0
DA:427,0
DA:429,0
DA:430,0
DA:431,0
DA:432,0
DA:433,0
DA:434,0
DA:435,0
DA:437,0
DA:438,0
DA:439,0
DA:440,0
DA:441,0
DA:444,0
DA:445,0
DA:447,0
DA:448,0
DA:450,0
DA:451,0
DA:453,0
DA:454,0
DA:455,0
DA:457,0
DA:458,0
DA:459,0
DA:461,0
DA:462,0
DA:463,0
BRF:0
BFH:0
LF:247
LH:0
end_of_record
SF:identity-account/src/stronghold/records.rs
FN:189,_RNvNtNtNtCsa2LO3QumKBA_16identity_account10stronghold7records5testss_17test_record_index
FN:26,_RNvMs1_NtNtCsa2LO3QumKBA_16identity_account10stronghold7recordsNtB5_11RecordIndex7try_new
FN:161,_RNvMs1_NtNtCsa2LO3QumKBA_16identity_account10stronghold7recordsNtB5_11RecordIndex6remove
FN:148,_RNvMs1_NtNtCsa2LO3QumKBA_16identity_account10stronghold7recordsNtB5_11RecordIndex8contains
FN:152,_RNvMs1_NtNtCsa2LO3QumKBA_16identity_account10stronghold7recordsNtB5_11RecordIndex6insert
FNDA:0,_RNvNtNtNtCsa2LO3QumKBA_16identity_account10stronghold7records5testss_17test_record_index
FNDA:0,_RNvMs1_NtNtCsa2LO3QumKBA_16identity_account10stronghold7recordsNtB5_11RecordIndex7try_new
FNDA:0,_RNvMs1_NtNtCsa2LO3QumKBA_16identity_account10stronghold7recordsNtB5_11RecordIndex6remove
FNDA:0,_RNvMs1_NtNtCsa2LO3QumKBA_16identity_account10stronghold7recordsNtB5_11RecordIndex8contains
FNDA:0,_RNvMs1_NtNtCsa2LO3QumKBA_16identity_account10stronghold7recordsNtB5_11RecordIndex6insert
FNF:5
FNH:0
DA:26,0
DA:27,0
DA:28,0
DA:29,0
DA:30,0
DA:31,0
DA:32,0
DA:33,0
DA:34,0
DA:38,0
DA:39,0
DA:40,0
DA:42,0
DA:43,0
DA:44,0
DA:46,0
DA:47,0
DA:48,0
DA:50,0
DA:51,0
DA:52,0
DA:54,0
DA:55,0
DA:56,0
DA:57,0
DA:60,0
DA:64,0
DA:66,0
DA:67,0
DA:68,0
DA:70,0
DA:71,0
DA:73,0
DA:74,0
DA:75,0
DA:76,0
DA:77,0
DA:78,0
DA:79,0
DA:80,0
DA:83,0
DA:84,0
DA:85,0
DA:86,0
DA:88,0
DA:89,0
DA:91,0
DA:92,0
DA:93,0
DA:94,0
DA:95,0
DA:96,0
DA:97,0
DA:98,0
DA:101,0
DA:103,0
DA:104,0
DA:113,0
DA:114,0
DA:115,0
DA:117,0
DA:118,0
DA:119,0
DA:132,0
DA:133,0
DA:134,0
DA:135,0
DA:136,0
DA:137,0
DA:138,0
DA:140,0
DA:141,0
DA:142,0
DA:148,0
DA:149,0
DA:150,0
DA:152,0
DA:153,0
DA:154,0
DA:155,0
DA:156,0
DA:157,0
DA:158,0
DA:159,0
DA:161,0
DA:162,0
DA:164,0
DA:165,0
DA:166,0
DA:167,0
DA:168,0
DA:169,0
DA:170,0
DA:178,0
DA:179,0
DA:180,0
DA:189,0
DA:190,0
DA:191,0
DA:192,0
DA:193,0
DA:194,0
DA:196,0
DA:197,0
DA:198,0
DA:200,0
DA:201,0
DA:202,0
DA:204,0
DA:206,0
DA:207,0
DA:208,0
DA:210,0
DA:211,0
DA:212,0
DA:214,0
DA:216,0
DA:217,0
DA:218,0
DA:219,0
DA:221,0
DA:222,0
DA:223,0
BRF:0
BFH:0
LF:123
LH:0
end_of_record
SF:identity-account/src/stronghold/result.rs
FN:13,_RNvXNtNtCsa2LO3QumKBA_16identity_account10stronghold6resultINtNtNtCs6ox8c4ynI7A_15iota_stronghold5utils5types13ResultMessageuEINtNtB6_5error27PleaseDontMakeYourOwnResultuE9to_resultB6_
FNDA:0,_RNvXNtNtCsa2LO3QumKBA_16identity_account10stronghold6resultINtNtNtCs6ox8c4ynI7A_15iota_stronghold5utils5types13ResultMessageuEINtNtB6_5error27PleaseDontMakeYourOwnResultuE9to_resultB6_
FNF:1
FNH:0
DA:13,0
DA:14,0
DA:15,0
DA:16,0
DA:18,0
BRF:0
BFH:0
LF:5
LH:0
end_of_record
SF:identity-account/src/stronghold/snapshot.rs
FN:17,_RNvMNtNtCsa2LO3QumKBA_16identity_account10stronghold8snapshotNtB2_8Snapshot18set_password_clear
FNDA:0,_RNvMNtNtCsa2LO3QumKBA_16identity_account10stronghold8snapshotNtB2_8Snapshot18set_password_clear
FNF:1
FNH:0
DA:17,0
DA:23,0
DA:24,0
DA:25,0
DA:27,0
DA:28,0
DA:29,0
DA:30,0
DA:31,0
DA:32,0
DA:43,0
DA:44,0
DA:45,0
DA:47,0
DA:48,0
DA:49,0
DA:50,0
DA:51,0
DA:52,0
DA:61,0
DA:62,0
DA:63,0
DA:64,0
DA:65,0
DA:66,0
DA:84,0
DA:85,0
DA:86,0
BRF:0
BFH:0
LF:28
LH:0
end_of_record
SF:identity-account/src/stronghold/status.rs
FN:6,_RNvMNtNtCsa2LO3QumKBA_16identity_account10stronghold6statusNtB2_14SnapshotStatus6locked
FNDA:0,_RNvMNtNtCsa2LO3QumKBA_16identity_account10stronghold6statusNtB2_14SnapshotStatus6locked
FNF:1
FNH:0
DA:6,0
DA:15,0
DA:16,0
DA:17,0
BRF:0
BFH:0
LF:4
LH:0
end_of_record
SF:identity-account/src/stronghold/store.rs
FN:55,_RNCNvMs_NtNtCsa2LO3QumKBA_16identity_account10stronghold5storeNtB6_5Store3get0Ba_
FN:64,_RNCNvMs_NtNtCsa2LO3QumKBA_16identity_account10stronghold5storeNtB6_5Store10get_strict0Ba_
FNDA:0,_RNCNvMs_NtNtCsa2LO3QumKBA_16identity_account10stronghold5storeNtB6_5Store3get0Ba_
FNDA:0,_RNCNvMs_NtNtCsa2LO3QumKBA_16identity_account10stronghold5storeNtB6_5Store10get_strict0Ba_
FNF:2
FNH:0
DA:55,0
DA:56,0
DA:57,0
DA:58,0
DA:60,0
DA:64,0
DA:65,0
DA:67,0
DA:69,0
DA:70,0
BRF:0
BFH:0
LF:10
LH:0
end_of_record
SF:identity-account/src/utils/fs.rs
FN:30,_RINvNtNtCsa2LO3QumKBA_16identity_account5utils2fs16ensure_directoryNtNtCshPubVYBMhTy_3std4path4PathEB6_
FNDA:0,_RINvNtNtCsa2LO3QumKBA_16identity_account5utils2fs16ensure_directoryNtNtCshPubVYBMhTy_3std4path4PathEB6_
FNF:1
FNH:0
DA:30,0
DA:31,0
DA:32,0
DA:34,0
DA:35,0
BRF:0
BFH:0
LF:5
LH:0
end_of_record
SF:identity-core/src/common/bitset.rs
FN:56,_RINvMNtNtCsdMIo0gejTVK_13identity_core6common6bitsetNtB3_6BitSet10insert_allINtNtNtCs4RZURTQcbNt_4core3ops5range5RangemEEB7_
FN:146,_RNvNtNtNtCsdMIo0gejTVK_13identity_core6common6bitset5testss_11test_basics
FN:71,_RNvMNtNtCsjQ7CiUSXMgx_13identity_core6common6bitsetNtB2_6BitSet13serialize_b64
FN:76,_RNvMNtNtCsjQ7CiUSXMgx_13identity_core6common6bitsetNtB2_6BitSet13serialize_vec
FN:21,_RNvXNvXs1_NtNtCsjQ7CiUSXMgx_13identity_core6common6bitsetNtB8_6BitSetNtNtCsbmAr7Tf4vl1_5serde2de11Deserialize11deserializeNtB2_9___VisitorNtB17_7Visitor9expecting
FN:85,_RNvMNtNtCsjQ7CiUSXMgx_13identity_core6common6bitsetNtB2_6BitSet15deserialize_b64
FN:104,_RINvXs0_NtNtCsjQ7CiUSXMgx_13identity_core6common6bitsetNtB6_6BitSetNtNtCsbmAr7Tf4vl1_5serde3ser9Serialize9serializeNtNtNtCs1CNeFI220rp_10serde_json5value3ser10SerializerECsapfZL3txtKN_13identity_iota
FNDA:0,_RINvMNtNtCsdMIo0gejTVK_13identity_core6common6bitsetNtB3_6BitSet10insert_allINtNtNtCs4RZURTQcbNt_4core3ops5range5RangemEEB7_
FNDA:0,_RNvNtNtNtCsdMIo0gejTVK_13identity_core6common6bitset5testss_11test_basics
FNDA:0,_RNvMNtNtCsjQ7CiUSXMgx_13identity_core6common6bitsetNtB2_6BitSet13serialize_b64
FNDA:0,_RNvMNtNtCsjQ7CiUSXMgx_13identity_core6common6bitsetNtB2_6BitSet13serialize_vec
FNDA:0,_RNvXNvXs1_NtNtCsjQ7CiUSXMgx_13identity_core6common6bitsetNtB8_6BitSetNtNtCsbmAr7Tf4vl1_5serde2de11Deserialize11deserializeNtB2_9___VisitorNtB17_7Visitor9expecting
FNDA:0,_RNvMNtNtCsjQ7CiUSXMgx_13identity_core6common6bitsetNtB2_6BitSet15deserialize_b64
FNDA:0,_RINvXs0_NtNtCsjQ7CiUSXMgx_13identity_core6common6bitsetNtB6_6BitSetNtNtCsbmAr7Tf4vl1_5serde3ser9Serialize9serializeNtNtNtCs1CNeFI220rp_10serde_json5value3ser10SerializerECsapfZL3txtKN_13identity_iota
FNF:7
FNH:0
DA:21,0
DA:56,0
DA:57,0
DA:58,0
DA:59,0
DA:60,0
DA:61,0
DA:62,0
DA:63,0
DA:71,0
DA:72,0
DA:73,0
DA:76,0
DA:77,0
DA:79,0
DA:81,0
DA:82,0
DA:85,0
DA:86,0
DA:87,0
DA:104,0
DA:105,0
DA:106,0
DA:107,0
DA:108,0
DA:109,0
DA:110,0
DA:111,0
DA:112,0
DA:116,0
DA:117,0
DA:118,0
DA:119,0
DA:120,0
DA:121,0
DA:122,0
DA:123,0
DA:124,0
DA:125,0
DA:126,0
DA:127,0
DA:128,0
DA:129,0
DA:130,0
DA:131,0
DA:132,0
DA:133,0
DA:134,0
DA:135,0
DA:136,0
DA:137,0
DA:138,0
DA:146,0
DA:147,0
DA:149,0
DA:151,0
DA:152,0
DA:153,0
DA:156,0
DA:158,0
DA:159,0
DA:162,0
DA:163,0
DA:164,0
DA:167,0
DA:169,0
DA:170,0
DA:173,0
DA:174,0
DA:176,0
DA:178,0
DA:180,0
DA:181,0
BRF:0
BFH:0
LF:90
LH:0
end_of_record
SF:identity-core/src/common/context.rs
FN:48,_RNvXs1_NtNtCsjQ7CiUSXMgx_13identity_core6common7contextNtB5_7ContextINtNtCs4RZURTQcbNt_4core3cmp9PartialEqReE2eqCs9VfPsUr1MEv_19identity_credential
FN:48,_RNvXs1_NtNtCsjQ7CiUSXMgx_13identity_core6common7contextNtB5_7ContextINtNtCs4RZURTQcbNt_4core3cmp9PartialEqeE2eqCs9VfPsUr1MEv_19identity_credential
FN:14,_RNvXNtNtCsjQ7CiUSXMgx_13identity_core6common7contextNtB2_7ContextNtNtCs4RZURTQcbNt_4core3fmt5Debug3fmt
FNDA:0,_RNvXs1_NtNtCsjQ7CiUSXMgx_13identity_core6common7contextNtB5_7ContextINtNtCs4RZURTQcbNt_4core3cmp9PartialEqReE2eqCs9VfPsUr1MEv_19identity_credential
FNDA:0,_RNvXs1_NtNtCsjQ7CiUSXMgx_13identity_core6common7contextNtB5_7ContextINtNtCs4RZURTQcbNt_4core3cmp9PartialEqeE2eqCs9VfPsUr1MEv_19identity_credential
FNDA:0,_RNvXNtNtCsjQ7CiUSXMgx_13identity_core6common7contextNtB2_7ContextNtNtCs4RZURTQcbNt_4core3fmt5Debug3fmt
FNF:2
FNH:0
DA:14,0
DA:24,0
DA:25,0
DA:26,0
DA:27,0
DA:29,0
DA:48,0
DA:49,0
DA:50,0
DA:51,0
DA:53,0
BRF:0
BFH:0
LF:16
LH:0
end_of_record
SF:identity-core/src/common/one_or_many.rs
FN:42,_RNvMNtNtCsjQ7CiUSXMgx_13identity_core6common11one_or_manyINtB2_9OneOrManyNtNtNtCs9VfPsUr1MEv_19identity_credential10credential7subject7SubjectE3getB1f_
FN:129,_RNvXs1_NtNtCsjQ7CiUSXMgx_13identity_core6common11one_or_manyINtB5_9OneOrManyNtNtCslaFPCg94Pel_5alloc6string6StringENtNtNtCs4RZURTQcbNt_4core3ops5deref5Deref5derefCs9VfPsUr1MEv_19identity_credential
FN:156,_RNvXs5_NtNtCsjQ7CiUSXMgx_13identity_core6common11one_or_manyINtB5_9OneOrManyNtNtCslaFPCg94Pel_5alloc6string6StringEINtNtCs4RZURTQcbNt_4core7convert4FromINtNtB1g_3vec3VecB1c_EE4fromCs9VfPsUr1MEv_19identity_credential
FN:156,_RNvXs5_NtNtCsjQ7CiUSXMgx_13identity_core6common11one_or_manyINtB5_9OneOrManyNtNtNtCs9VfPsUr1MEv_19identity_credential10credential8evidence8EvidenceEINtNtCs4RZURTQcbNt_4core7convert4FromINtNtCslaFPCg94Pel_5alloc3vec3VecB1c_EE4fromB1i_
FN:156,_RNvXs5_NtNtCsjQ7CiUSXMgx_13identity_core6common11one_or_manyINtB5_9OneOrManyNtNtNtCs9VfPsUr1MEv_19identity_credential10credential10credential10CredentialEINtNtCs4RZURTQcbNt_4core7convert4FromINtNtCslaFPCg94Pel_5alloc3vec3VecB1c_EE4fromB1i_
FN:156,_RNvXs5_NtNtCsjQ7CiUSXMgx_13identity_core6common11one_or_manyINtB5_9OneOrManyNtNtNtCs9VfPsUr1MEv_19identity_credential10credential6status6StatusEINtNtCs4RZURTQcbNt_4core7convert4FromINtNtCslaFPCg94Pel_5alloc3vec3VecB1c_EE4fromB1i_
FN:33,_RNvMNtNtCsjQ7CiUSXMgx_13identity_core6common11one_or_manyINtB2_9OneOrManyNtNtNtCs9VfPsUr1MEv_19identity_credential10credential7refresh7RefreshE8is_emptyB1f_
FN:42,_RNvMNtNtCsjQ7CiUSXMgx_13identity_core6common11one_or_manyINtB2_9OneOrManyNtNtCslaFPCg94Pel_5alloc6string6StringE3getCs9VfPsUr1MEv_19identity_credential
FN:25,_RNvMNtNtCsjQ7CiUSXMgx_13identity_core6common11one_or_manyINtB2_9OneOrManyNtNtNtCs9VfPsUr1MEv_19identity_credential10credential10credential10CredentialE3lenB1f_
FN:129,_RNvXs1_NtNtCsjQ7CiUSXMgx_13identity_core6common11one_or_manyINtB5_9OneOrManyNtNtB7_7context7ContextENtNtNtCs4RZURTQcbNt_4core3ops5deref5Deref5derefCs9VfPsUr1MEv_19identity_credential
FN:156,_RNvXs5_NtNtCsjQ7CiUSXMgx_13identity_core6common11one_or_manyINtB5_9OneOrManyNtNtB7_7context7ContextEINtNtCs4RZURTQcbNt_4core7convert4FromINtNtCslaFPCg94Pel_5alloc3vec3VecB1c_EE4fromCs9VfPsUr1MEv_19identity_credential
FN:25,_RNvMNtNtCsjQ7CiUSXMgx_13identity_core6common11one_or_manyINtB2_9OneOrManyNtNtNtCs9VfPsUr1MEv_19identity_credential10credential7subject7SubjectE3lenB1f_
FN:33,_RNvMNtNtCsjQ7CiUSXMgx_13identity_core6common11one_or_manyINtB2_9OneOrManyNtNtNtCs9VfPsUr1MEv_19identity_credential10credential6policy6PolicyE8is_emptyB1f_
FN:42,_RNvMNtNtCsjQ7CiUSXMgx_13identity_core6common11one_or_manyINtB2_9OneOrManyNtNtB4_7context7ContextE3getCs9VfPsUr1MEv_19identity_credential
FN:156,_RNvXs5_NtNtCsjQ7CiUSXMgx_13identity_core6common11one_or_manyINtB5_9OneOrManyNtNtNtCs9VfPsUr1MEv_19identity_credential10credential6policy6PolicyEINtNtCs4RZURTQcbNt_4core7convert4FromINtNtCslaFPCg94Pel_5alloc3vec3VecB1c_EE4fromB1i_
FN:25,_RNvMNtNtCsjQ7CiUSXMgx_13identity_core6common11one_or_manyINtB2_9OneOrManyNtNtCslaFPCg94Pel_5alloc6string6StringE3lenCs9VfPsUr1MEv_19identity_credential
FN:33,_RNvMNtNtCsjQ7CiUSXMgx_13identity_core6common11one_or_manyINtB2_9OneOrManyNtNtNtCs9VfPsUr1MEv_19identity_credential10credential6status6StatusE8is_emptyB1f_
FN:33,_RNvMNtNtCsjQ7CiUSXMgx_13identity_core6common11one_or_manyINtB2_9OneOrManyNtNtNtCs9VfPsUr1MEv_19identity_credential10credential7subject7SubjectE8is_emptyB1f_
FN:156,_RNvXs5_NtNtCsjQ7CiUSXMgx_13identity_core6common11one_or_manyINtB5_9OneOrManyNtNtNtCs9VfPsUr1MEv_19identity_credential10credential7refresh7RefreshEINtNtCs4RZURTQcbNt_4core7convert4FromINtNtCslaFPCg94Pel_5alloc3vec3VecB1c_EE4fromB1i_
FN:33,_RNvMNtNtCsjQ7CiUSXMgx_13identity_core6common11one_or_manyINtB2_9OneOrManyNtNtNtCs9VfPsUr1MEv_19identity_credential10credential6schema6SchemaE8is_emptyB1f_
FN:25,_RNvMNtNtCsjQ7CiUSXMgx_13identity_core6common11one_or_manyINtB2_9OneOrManyNtNtB4_7context7ContextE3lenCs9VfPsUr1MEv_19identity_credential
FN:156,_RNvXs5_NtNtCsjQ7CiUSXMgx_13identity_core6common11one_or_manyINtB5_9OneOrManyNtNtNtCs9VfPsUr1MEv_19identity_credential10credential7subject7SubjectEINtNtCs4RZURTQcbNt_4core7convert4FromINtNtCslaFPCg94Pel_5alloc3vec3VecB1c_EE4fromB1i_
FN:33,_RNvMNtNtCsjQ7CiUSXMgx_13identity_core6common11one_or_manyINtB2_9OneOrManyNtNtNtCs9VfPsUr1MEv_19identity_credential10credential8evidence8EvidenceE8is_emptyB1f_
FN:42,_RNvMNtNtCsjQ7CiUSXMgx_13identity_core6common11one_or_manyINtB2_9OneOrManyNtNtNtCs9VfPsUr1MEv_19identity_credential10credential10credential10CredentialE3getB1f_
FN:156,_RNvXs5_NtNtCsjQ7CiUSXMgx_13identity_core6common11one_or_manyINtB5_9OneOrManyNtNtNtCs9VfPsUr1MEv_19identity_credential10credential6schema6SchemaEINtNtCs4RZURTQcbNt_4core7convert4FromINtNtCslaFPCg94Pel_5alloc3vec3VecB1c_EE4fromB1i_
FN:156,_RNvXs5_NtNtCsjQ7CiUSXMgx_13identity_core6common11one_or_manyINtB5_9OneOrManyNtNtNtCs1iZZWPuKeP6_19identity_credential10credential8evidence8EvidenceEINtNtCs4RZURTQcbNt_4core7convert4FromINtNtCslaFPCg94Pel_5alloc3vec3VecB1c_EE4fromCskt00YjyhLiG_13identity_wasm
FN:93,_RNvMNtNtCsjQ7CiUSXMgx_13identity_core6common11one_or_manyINtB2_9OneOrManyNtNtCslaFPCg94Pel_5alloc6string6StringE8into_vecCskt00YjyhLiG_13identity_wasm
FN:33,_RNvMNtNtCsjQ7CiUSXMgx_13identity_core6common11one_or_manyINtB2_9OneOrManyNtNtNtCs1iZZWPuKeP6_19identity_credential10credential6schema6SchemaE8is_emptyCskt00YjyhLiG_13identity_wasm
FN:42,_RNvMNtNtCsjQ7CiUSXMgx_13identity_core6common11one_or_manyINtB2_9OneOrManyNtNtCslaFPCg94Pel_5alloc6string6StringE3getCskt00YjyhLiG_13identity_wasm
FN:42,_RNvMNtNtCsjQ7CiUSXMgx_13identity_core6common11one_or_manyINtB2_9OneOrManyNtNtNtCs1iZZWPuKeP6_19identity_credential10credential10credential10CredentialE3getCskt00YjyhLiG_13identity_wasm
FN:33,_RNvMNtNtCsjQ7CiUSXMgx_13identity_core6common11one_or_manyINtB2_9OneOrManyNtNtNtCs1iZZWPuKeP6_19identity_credential10credential6status6StatusE8is_emptyCskt00YjyhLiG_13identity_wasm
FN:105,_RNvXs_NtNtCsjQ7CiUSXMgx_13identity_core6common11one_or_manyINtB4_9OneOrManyNtNtNtCs1iZZWPuKeP6_19identity_credential10credential7refresh7RefreshENtNtCs4RZURTQcbNt_4core3fmt5Debug3fmtCskt00YjyhLiG_13identity_wasm
FN:33,_RNvMNtNtCsjQ7CiUSXMgx_13identity_core6common11one_or_manyINtB2_9OneOrManyNtNtNtCs1iZZWPuKeP6_19identity_credential10credential6policy6PolicyE8is_emptyCskt00YjyhLiG_13identity_wasm
FN:156,_RNvXs5_NtNtCsjQ7CiUSXMgx_13identity_core6common11one_or_manyINtB5_9OneOrManyNtNtNtCs1iZZWPuKeP6_19identity_credential10credential10credential10CredentialEINtNtCs4RZURTQcbNt_4core7convert4FromINtNtCslaFPCg94Pel_5alloc3vec3VecB1c_EE4fromCskt00YjyhLiG_13identity_wasm
FN:105,_RNvXs_NtNtCsjQ7CiUSXMgx_13identity_core6common11one_or_manyINtB4_9OneOrManyNtNtNtCs1iZZWPuKeP6_19identity_credential10credential6policy6PolicyENtNtCs4RZURTQcbNt_4core3fmt5Debug3fmtCskt00YjyhLiG_13identity_wasm
FN:156,_RNvXs5_NtNtCsjQ7CiUSXMgx_13identity_core6common11one_or_manyINtB5_9OneOrManyNtNtCslaFPCg94Pel_5alloc6string6StringEINtNtCs4RZURTQcbNt_4core7convert4FromINtNtB1g_3vec3VecB1c_EE4fromCskt00YjyhLiG_13identity_wasm
FN:156,_RNvXs5_NtNtCsjQ7CiUSXMgx_13identity_core6common11one_or_manyINtB5_9OneOrManyNtNtNtCs1iZZWPuKeP6_19identity_credential10credential6policy6PolicyEINtNtCs4RZURTQcbNt_4core7convert4FromINtNtCslaFPCg94Pel_5alloc3vec3VecB1c_EE4fromCskt00YjyhLiG_13identity_wasm
FN:105,_RNvXs_NtNtCsjQ7CiUSXMgx_13identity_core6common11one_or_manyINtB4_9OneOrManyNtNtNtCs1iZZWPuKeP6_19identity_credential10credential10credential10CredentialENtNtCs4RZURTQcbNt_4core3fmt5Debug3fmtCskt00YjyhLiG_13identity_wasm
FN:33,_RNvMNtNtCsjQ7CiUSXMgx_13identity_core6common11one_or_manyINtB2_9OneOrManyNtNtNtCs1iZZWPuKeP6_19identity_credential10credential7refresh7RefreshE8is_emptyCskt00YjyhLiG_13identity_wasm
FN:105,_RNvXs_NtNtCsjQ7CiUSXMgx_13identity_core6common11one_or_manyINtB4_9OneOrManyNtNtB6_7context7ContextENtNtCs4RZURTQcbNt_4core3fmt5Debug3fmtCskt00YjyhLiG_13identity_wasm
FN:105,_RNvXs_NtNtCsjQ7CiUSXMgx_13identity_core6common11one_or_manyINtB4_9OneOrManyNtNtNtCs1iZZWPuKeP6_19identity_credential10credential6status6StatusENtNtCs4RZURTQcbNt_4core3fmt5Debug3fmtCskt00YjyhLiG_13identity_wasm
FN:156,_RNvXs5_NtNtCsjQ7CiUSXMgx_13identity_core6common11one_or_manyINtB5_9OneOrManyNtNtNtCs1iZZWPuKeP6_19identity_credential10credential7refresh7RefreshEINtNtCs4RZURTQcbNt_4core7convert4FromINtNtCslaFPCg94Pel_5alloc3vec3VecB1c_EE4fromCskt00YjyhLiG_13identity_wasm
FN:93,_RNvMNtNtCsjQ7CiUSXMgx_13identity_core6common11one_or_manyINtB2_9OneOrManyNtNtNtCs1iZZWPuKeP6_19identity_credential10credential7subject7SubjectE8into_vecCskt00YjyhLiG_13identity_wasm
FN:42,_RNvMNtNtCsjQ7CiUSXMgx_13identity_core6common11one_or_manyINtB2_9OneOrManyNtNtNtCs1iZZWPuKeP6_19identity_credential10credential7subject7SubjectE3getCskt00YjyhLiG_13identity_wasm
FN:105,_RNvXs_NtNtCsjQ7CiUSXMgx_13identity_core6common11one_or_manyINtB4_9OneOrManyNtNtNtCs1iZZWPuKeP6_19identity_credential10credential6schema6SchemaENtNtCs4RZURTQcbNt_4core3fmt5Debug3fmtCskt00YjyhLiG_13identity_wasm
FN:156,_RNvXs5_NtNtCsjQ7CiUSXMgx_13identity_core6common11one_or_manyINtB5_9OneOrManyNtNtNtCs1iZZWPuKeP6_19identity_credential10credential6schema6SchemaEINtNtCs4RZURTQcbNt_4core7convert4FromINtNtCslaFPCg94Pel_5alloc3vec3VecB1c_EE4fromCskt00YjyhLiG_13identity_wasm
FN:42,_RNvMNtNtCsjQ7CiUSXMgx_13identity_core6common11one_or_manyINtB2_9OneOrManyNtNtB4_7context7ContextE3getCskt00YjyhLiG_13identity_wasm
FN:93,_RNvMNtNtCsjQ7CiUSXMgx_13identity_core6common11one_or_manyINtB2_9OneOrManyNtNtNtCs1iZZWPuKeP6_19identity_credential10credential10credential10CredentialE8into_vecCskt00YjyhLiG_13identity_wasm
FN:105,_RNvXs_NtNtCsjQ7CiUSXMgx_13identity_core6common11one_or_manyINtB4_9OneOrManyNtNtNtCs1iZZWPuKeP6_19identity_credential10credential8evidence8EvidenceENtNtCs4RZURTQcbNt_4core3fmt5Debug3fmtCskt00YjyhLiG_13identity_wasm
FN:156,_RNvXs5_NtNtCsjQ7CiUSXMgx_13identity_core6common11one_or_manyINtB5_9OneOrManyNtNtB7_7context7ContextEINtNtCs4RZURTQcbNt_4core7convert4FromINtNtCslaFPCg94Pel_5alloc3vec3VecB1c_EE4fromCskt00YjyhLiG_13identity_wasm
FN:156,_RNvXs5_NtNtCsjQ7CiUSXMgx_13identity_core6common11one_or_manyINtB5_9OneOrManyNtNtNtCs1iZZWPuKeP6_19identity_credential10credential6status6StatusEINtNtCs4RZURTQcbNt_4core7convert4FromINtNtCslaFPCg94Pel_5alloc3vec3VecB1c_EE4fromCskt00YjyhLiG_13identity_wasm
FN:33,_RNvMNtNtCsjQ7CiUSXMgx_13identity_core6common11one_or_manyINtB2_9OneOrManyNtNtNtCs1iZZWPuKeP6_19identity_credential10credential7subject7SubjectE8is_emptyCskt00YjyhLiG_13identity_wasm
FN:105,_RNvXs_NtNtCsjQ7CiUSXMgx_13identity_core6common11one_or_manyINtB4_9OneOrManyNtNtNtCs1iZZWPuKeP6_19identity_credential10credential7subject7SubjectENtNtCs4RZURTQcbNt_4core3fmt5Debug3fmtCskt00YjyhLiG_13identity_wasm
FN:156,_RNvXs5_NtNtCsjQ7CiUSXMgx_13identity_core6common11one_or_manyINtB5_9OneOrManyNtNtNtCs1iZZWPuKeP6_19identity_credential10credential7subject7SubjectEINtNtCs4RZURTQcbNt_4core7convert4FromINtNtCslaFPCg94Pel_5alloc3vec3VecB1c_EE4fromCskt00YjyhLiG_13identity_wasm
FN:33,_RNvMNtNtCsjQ7CiUSXMgx_13identity_core6common11one_or_manyINtB2_9OneOrManyNtNtNtCs1iZZWPuKeP6_19identity_credential10credential8evidence8EvidenceE8is_emptyCskt00YjyhLiG_13identity_wasm
FN:105,_RNvXs_NtNtCsjQ7CiUSXMgx_13identity_core6common11one_or_manyINtB4_9OneOrManyNtNtCslaFPCg94Pel_5alloc6string6StringENtNtCs4RZURTQcbNt_4core3fmt5Debug3fmtCs1iZZWPuKeP6_19identity_credential
FNDA:0,_RNvMNtNtCsjQ7CiUSXMgx_13identity_core6common11one_or_manyINtB2_9OneOrManyNtNtNtCs9VfPsUr1MEv_19identity_credential10credential7subject7SubjectE3getB1f_
FNDA:0,_RNvXs1_NtNtCsjQ7CiUSXMgx_13identity_core6common11one_or_manyINtB5_9OneOrManyNtNtCslaFPCg94Pel_5alloc6string6StringENtNtNtCs4RZURTQcbNt_4core3ops5deref5Deref5derefCs9VfPsUr1MEv_19identity_credential
FNDA:0,_RNvXs5_NtNtCsjQ7CiUSXMgx_13identity_core6common11one_or_manyINtB5_9OneOrManyNtNtCslaFPCg94Pel_5alloc6string6StringEINtNtCs4RZURTQcbNt_4core7convert4FromINtNtB1g_3vec3VecB1c_EE4fromCs9VfPsUr1MEv_19identity_credential
FNDA:0,_RNvXs5_NtNtCsjQ7CiUSXMgx_13identity_core6common11one_or_manyINtB5_9OneOrManyNtNtNtCs9VfPsUr1MEv_19identity_credential10credential8evidence8EvidenceEINtNtCs4RZURTQcbNt_4core7convert4FromINtNtCslaFPCg94Pel_5alloc3vec3VecB1c_EE4fromB1i_
FNDA:0,_RNvXs5_NtNtCsjQ7CiUSXMgx_13identity_core6common11one_or_manyINtB5_9OneOrManyNtNtNtCs9VfPsUr1MEv_19identity_credential10credential10credential10CredentialEINtNtCs4RZURTQcbNt_4core7convert4FromINtNtCslaFPCg94Pel_5alloc3vec3VecB1c_EE4fromB1i_
FNDA:0,_RNvXs5_NtNtCsjQ7CiUSXMgx_13identity_core6common11one_or_manyINtB5_9OneOrManyNtNtNtCs9VfPsUr1MEv_19identity_credential10credential6status6StatusEINtNtCs4RZURTQcbNt_4core7convert4FromINtNtCslaFPCg94Pel_5alloc3vec3VecB1c_EE4fromB1i_
FNDA:0,_RNvMNtNtCsjQ7CiUSXMgx_13identity_core6common11one_or_manyINtB2_9OneOrManyNtNtNtCs9VfPsUr1MEv_19identity_credential10credential7refresh7RefreshE8is_emptyB1f_
FNDA:0,_RNvMNtNtCsjQ7CiUSXMgx_13identity_core6common11one_or_manyINtB2_9OneOrManyNtNtCslaFPCg94Pel_5alloc6string6StringE3getCs9VfPsUr1MEv_19identity_credential
FNDA:0,_RNvMNtNtCsjQ7CiUSXMgx_13identity_core6common11one_or_manyINtB2_9OneOrManyNtNtNtCs9VfPsUr1MEv_19identity_credential10credential10credential10CredentialE3lenB1f_
FNDA:0,_RNvXs1_NtNtCsjQ7CiUSXMgx_13identity_core6common11one_or_manyINtB5_9OneOrManyNtNtB7_7context7ContextENtNtNtCs4RZURTQcbNt_4core3ops5deref5Deref5derefCs9VfPsUr1MEv_19identity_credential
FNDA:0,_RNvXs5_NtNtCsjQ7CiUSXMgx_13identity_core6common11one_or_manyINtB5_9OneOrManyNtNtB7_7context7ContextEINtNtCs4RZURTQcbNt_4core7convert4FromINtNtCslaFPCg94Pel_5alloc3vec3VecB1c_EE4fromCs9VfPsUr1MEv_19identity_credential
FNDA:0,_RNvMNtNtCsjQ7CiUSXMgx_13identity_core6common11one_or_manyINtB2_9OneOrManyNtNtNtCs9VfPsUr1MEv_19identity_credential10credential7subject7SubjectE3lenB1f_
FNDA:0,_RNvMNtNtCsjQ7CiUSXMgx_13identity_core6common11one_or_manyINtB2_9OneOrManyNtNtNtCs9VfPsUr1MEv_19identity_credential10credential6policy6PolicyE8is_emptyB1f_
FNDA:0,_RNvMNtNtCsjQ7CiUSXMgx_13identity_core6common11one_or_manyINtB2_9OneOrManyNtNtB4_7context7ContextE3getCs9VfPsUr1MEv_19identity_credential
FNDA:0,_RNvXs5_NtNtCsjQ7CiUSXMgx_13identity_core6common11one_or_manyINtB5_9OneOrManyNtNtNtCs9VfPsUr1MEv_19identity_credential10credential6policy6PolicyEINtNtCs4RZURTQcbNt_4core7convert4FromINtNtCslaFPCg94Pel_5alloc3vec3VecB1c_EE4fromB1i_
FNDA:0,_RNvMNtNtCsjQ7CiUSXMgx_13identity_core6common11one_or_manyINtB2_9OneOrManyNtNtCslaFPCg94Pel_5alloc6string6StringE3lenCs9VfPsUr1MEv_19identity_credential
FNDA:0,_RNvMNtNtCsjQ7CiUSXMgx_13identity_core6common11one_or_manyINtB2_9OneOrManyNtNtNtCs9VfPsUr1MEv_19identity_credential10credential6status6StatusE8is_emptyB1f_
FNDA:0,_RNvMNtNtCsjQ7CiUSXMgx_13identity_core6common11one_or_manyINtB2_9OneOrManyNtNtNtCs9VfPsUr1MEv_19identity_credential10credential7subject7SubjectE8is_emptyB1f_
FNDA:0,_RNvXs5_NtNtCsjQ7CiUSXMgx_13identity_core6common11one_or_manyINtB5_9OneOrManyNtNtNtCs9VfPsUr1MEv_19identity_credential10credential7refresh7RefreshEINtNtCs4RZURTQcbNt_4core7convert4FromINtNtCslaFPCg94Pel_5alloc3vec3VecB1c_EE4fromB1i_
FNDA:0,_RNvMNtNtCsjQ7CiUSXMgx_13identity_core6common11one_or_manyINtB2_9OneOrManyNtNtNtCs9VfPsUr1MEv_19identity_credential10credential6schema6SchemaE8is_emptyB1f_
FNDA:0,_RNvMNtNtCsjQ7CiUSXMgx_13identity_core6common11one_or_manyINtB2_9OneOrManyNtNtB4_7context7ContextE3lenCs9VfPsUr1MEv_19identity_credential
FNDA:0,_RNvXs5_NtNtCsjQ7CiUSXMgx_13identity_core6common11one_or_manyINtB5_9OneOrManyNtNtNtCs9VfPsUr1MEv_19identity_credential10credential7subject7SubjectEINtNtCs4RZURTQcbNt_4core7convert4FromINtNtCslaFPCg94Pel_5alloc3vec3VecB1c_EE4fromB1i_
FNDA:0,_RNvMNtNtCsjQ7CiUSXMgx_13identity_core6common11one_or_manyINtB2_9OneOrManyNtNtNtCs9VfPsUr1MEv_19identity_credential10credential8evidence8EvidenceE8is_emptyB1f_
FNDA:0,_RNvMNtNtCsjQ7CiUSXMgx_13identity_core6common11one_or_manyINtB2_9OneOrManyNtNtNtCs9VfPsUr1MEv_19identity_credential10credential10credential10CredentialE3getB1f_
FNDA:0,_RNvXs5_NtNtCsjQ7CiUSXMgx_13identity_core6common11one_or_manyINtB5_9OneOrManyNtNtNtCs9VfPsUr1MEv_19identity_credential10credential6schema6SchemaEINtNtCs4RZURTQcbNt_4core7convert4FromINtNtCslaFPCg94Pel_5alloc3vec3VecB1c_EE4fromB1i_
FNDA:0,_RNvXs5_NtNtCsjQ7CiUSXMgx_13identity_core6common11one_or_manyINtB5_9OneOrManyNtNtNtCs1iZZWPuKeP6_19identity_credential10credential8evidence8EvidenceEINtNtCs4RZURTQcbNt_4core7convert4FromINtNtCslaFPCg94Pel_5alloc3vec3VecB1c_EE4fromCskt00YjyhLiG_13identity_wasm
FNDA:0,_RNvMNtNtCsjQ7CiUSXMgx_13identity_core6common11one_or_manyINtB2_9OneOrManyNtNtCslaFPCg94Pel_5alloc6string6StringE8into_vecCskt00YjyhLiG_13identity_wasm
FNDA:0,_RNvMNtNtCsjQ7CiUSXMgx_13identity_core6common11one_or_manyINtB2_9OneOrManyNtNtNtCs1iZZWPuKeP6_19identity_credential10credential6schema6SchemaE8is_emptyCskt00YjyhLiG_13identity_wasm
FNDA:0,_RNvMNtNtCsjQ7CiUSXMgx_13identity_core6common11one_or_manyINtB2_9OneOrManyNtNtCslaFPCg94Pel_5alloc6string6StringE3getCskt00YjyhLiG_13identity_wasm
FNDA:0,_RNvMNtNtCsjQ7CiUSXMgx_13identity_core6common11one_or_manyINtB2_9OneOrManyNtNtNtCs1iZZWPuKeP6_19identity_credential10credential10credential10CredentialE3getCskt00YjyhLiG_13identity_wasm
FNDA:0,_RNvMNtNtCsjQ7CiUSXMgx_13identity_core6common11one_or_manyINtB2_9OneOrManyNtNtNtCs1iZZWPuKeP6_19identity_credential10credential6status6StatusE8is_emptyCskt00YjyhLiG_13identity_wasm
FNDA:0,_RNvXs_NtNtCsjQ7CiUSXMgx_13identity_core6common11one_or_manyINtB4_9OneOrManyNtNtNtCs1iZZWPuKeP6_19identity_credential10credential7refresh7RefreshENtNtCs4RZURTQcbNt_4core3fmt5Debug3fmtCskt00YjyhLiG_13identity_wasm
FNDA:0,_RNvMNtNtCsjQ7CiUSXMgx_13identity_core6common11one_or_manyINtB2_9OneOrManyNtNtNtCs1iZZWPuKeP6_19identity_credential10credential6policy6PolicyE8is_emptyCskt00YjyhLiG_13identity_wasm
FNDA:0,_RNvXs5_NtNtCsjQ7CiUSXMgx_13identity_core6common11one_or_manyINtB5_9OneOrManyNtNtNtCs1iZZWPuKeP6_19identity_credential10credential10credential10CredentialEINtNtCs4RZURTQcbNt_4core7convert4FromINtNtCslaFPCg94Pel_5alloc3vec3VecB1c_EE4fromCskt00YjyhLiG_13identity_wasm
FNDA:0,_RNvXs_NtNtCsjQ7CiUSXMgx_13identity_core6common11one_or_manyINtB4_9OneOrManyNtNtNtCs1iZZWPuKeP6_19identity_credential10credential6policy6PolicyENtNtCs4RZURTQcbNt_4core3fmt5Debug3fmtCskt00YjyhLiG_13identity_wasm
FNDA:0,_RNvXs5_NtNtCsjQ7CiUSXMgx_13identity_core6common11one_or_manyINtB5_9OneOrManyNtNtCslaFPCg94Pel_5alloc6string6StringEINtNtCs4RZURTQcbNt_4core7convert4FromINtNtB1g_3vec3VecB1c_EE4fromCskt00YjyhLiG_13identity_wasm
FNDA:0,_RNvXs5_NtNtCsjQ7CiUSXMgx_13identity_core6common11one_or_manyINtB5_9OneOrManyNtNtNtCs1iZZWPuKeP6_19identity_credential10credential6policy6PolicyEINtNtCs4RZURTQcbNt_4core7convert4FromINtNtCslaFPCg94Pel_5alloc3vec3VecB1c_EE4fromCskt00YjyhLiG_13identity_wasm
FNDA:0,_RNvXs_NtNtCsjQ7CiUSXMgx_13identity_core6common11one_or_manyINtB4_9OneOrManyNtNtNtCs1iZZWPuKeP6_19identity_credential10credential10credential10CredentialENtNtCs4RZURTQcbNt_4core3fmt5Debug3fmtCskt00YjyhLiG_13identity_wasm
FNDA:0,_RNvMNtNtCsjQ7CiUSXMgx_13identity_core6common11one_or_manyINtB2_9OneOrManyNtNtNtCs1iZZWPuKeP6_19identity_credential10credential7refresh7RefreshE8is_emptyCskt00YjyhLiG_13identity_wasm
FNDA:0,_RNvXs_NtNtCsjQ7CiUSXMgx_13identity_core6common11one_or_manyINtB4_9OneOrManyNtNtB6_7context7ContextENtNtCs4RZURTQcbNt_4core3fmt5Debug3fmtCskt00YjyhLiG_13identity_wasm
FNDA:0,_RNvXs_NtNtCsjQ7CiUSXMgx_13identity_core6common11one_or_manyINtB4_9OneOrManyNtNtNtCs1iZZWPuKeP6_19identity_credential10credential6status6StatusENtNtCs4RZURTQcbNt_4core3fmt5Debug3fmtCskt00YjyhLiG_13identity_wasm
FNDA:0,_RNvXs5_NtNtCsjQ7CiUSXMgx_13identity_core6common11one_or_manyINtB5_9OneOrManyNtNtNtCs1iZZWPuKeP6_19identity_credential10credential7refresh7RefreshEINtNtCs4RZURTQcbNt_4core7convert4FromINtNtCslaFPCg94Pel_5alloc3vec3VecB1c_EE4fromCskt00YjyhLiG_13identity_wasm
FNDA:0,_RNvMNtNtCsjQ7CiUSXMgx_13identity_core6common11one_or_manyINtB2_9OneOrManyNtNtNtCs1iZZWPuKeP6_19identity_credential10credential7subject7SubjectE8into_vecCskt00YjyhLiG_13identity_wasm
FNDA:0,_RNvMNtNtCsjQ7CiUSXMgx_13identity_core6common11one_or_manyINtB2_9OneOrManyNtNtNtCs1iZZWPuKeP6_19identity_credential10credential7subject7SubjectE3getCskt00YjyhLiG_13identity_wasm
FNDA:0,_RNvXs_NtNtCsjQ7CiUSXMgx_13identity_core6common11one_or_manyINtB4_9OneOrManyNtNtNtCs1iZZWPuKeP6_19identity_credential10credential6schema6SchemaENtNtCs4RZURTQcbNt_4core3fmt5Debug3fmtCskt00YjyhLiG_13identity_wasm
FNDA:0,_RNvXs5_NtNtCsjQ7CiUSXMgx_13identity_core6common11one_or_manyINtB5_9OneOrManyNtNtNtCs1iZZWPuKeP6_19identity_credential10credential6schema6SchemaEINtNtCs4RZURTQcbNt_4core7convert4FromINtNtCslaFPCg94Pel_5alloc3vec3VecB1c_EE4fromCskt00YjyhLiG_13identity_wasm
FNDA:0,_RNvMNtNtCsjQ7CiUSXMgx_13identity_core6common11one_or_manyINtB2_9OneOrManyNtNtB4_7context7ContextE3getCskt00YjyhLiG_13identity_wasm
FNDA:0,_RNvMNtNtCsjQ7CiUSXMgx_13identity_core6common11one_or_manyINtB2_9OneOrManyNtNtNtCs1iZZWPuKeP6_19identity_credential10credential10credential10CredentialE8into_vecCskt00YjyhLiG_13identity_wasm
FNDA:0,_RNvXs_NtNtCsjQ7CiUSXMgx_13identity_core6common11one_or_manyINtB4_9OneOrManyNtNtNtCs1iZZWPuKeP6_19identity_credential10credential8evidence8EvidenceENtNtCs4RZURTQcbNt_4core3fmt5Debug3fmtCskt00YjyhLiG_13identity_wasm
FNDA:0,_RNvXs5_NtNtCsjQ7CiUSXMgx_13identity_core6common11one_or_manyINtB5_9OneOrManyNtNtB7_7context7ContextEINtNtCs4RZURTQcbNt_4core7convert4FromINtNtCslaFPCg94Pel_5alloc3vec3VecB1c_EE4fromCskt00YjyhLiG_13identity_wasm
FNDA:0,_RNvXs5_NtNtCsjQ7CiUSXMgx_13identity_core6common11one_or_manyINtB5_9OneOrManyNtNtNtCs1iZZWPuKeP6_19identity_credential10credential6status6StatusEINtNtCs4RZURTQcbNt_4core7convert4FromINtNtCslaFPCg94Pel_5alloc3vec3VecB1c_EE4fromCskt00YjyhLiG_13identity_wasm
FNDA:0,_RNvMNtNtCsjQ7CiUSXMgx_13identity_core6common11one_or_manyINtB2_9OneOrManyNtNtNtCs1iZZWPuKeP6_19identity_credential10credential7subject7SubjectE8is_emptyCskt00YjyhLiG_13identity_wasm
FNDA:0,_RNvXs_NtNtCsjQ7CiUSXMgx_13identity_core6common11one_or_manyINtB4_9OneOrManyNtNtNtCs1iZZWPuKeP6_19identity_credential10credential7subject7SubjectENtNtCs4RZURTQcbNt_4core3fmt5Debug3fmtCskt00YjyhLiG_13identity_wasm
FNDA:0,_RNvXs5_NtNtCsjQ7CiUSXMgx_13identity_core6common11one_or_manyINtB5_9OneOrManyNtNtNtCs1iZZWPuKeP6_19identity_credential10credential7subject7SubjectEINtNtCs4RZURTQcbNt_4core7convert4FromINtNtCslaFPCg94Pel_5alloc3vec3VecB1c_EE4fromCskt00YjyhLiG_13identity_wasm
FNDA:0,_RNvMNtNtCsjQ7CiUSXMgx_13identity_core6common11one_or_manyINtB2_9OneOrManyNtNtNtCs1iZZWPuKeP6_19identity_credential10credential8evidence8EvidenceE8is_emptyCskt00YjyhLiG_13identity_wasm
FNDA:0,_RNvXs_NtNtCsjQ7CiUSXMgx_13identity_core6common11one_or_manyINtB4_9OneOrManyNtNtCslaFPCg94Pel_5alloc6string6StringENtNtCs4RZURTQcbNt_4core3fmt5Debug3fmtCs1iZZWPuKeP6_19identity_credential
FNF:7
FNH:0
DA:25,0
DA:26,0
DA:27,0
DA:28,0
DA:30,0
DA:33,0
DA:34,0
DA:35,0
DA:36,0
DA:38,0
DA:42,0
DA:43,0
DA:44,0
DA:45,0
DA:47,0
DA:93,0
DA:94,0
DA:95,0
DA:96,0
DA:98,0
DA:105,0
DA:106,0
DA:107,0
DA:108,0
DA:110,0
DA:129,0
DA:130,0
DA:131,0
DA:132,0
DA:134,0
DA:156,0
DA:157,0
DA:158,0
DA:160,0
DA:162,0
BRF:0
BFH:0
LF:35
LH:0
end_of_record
SF:identity-core/src/common/timestamp.rs
FN:108,_RNvNtNtNtCsdMIo0gejTVK_13identity_core6common9timestamp5testss_16test_parse_valid
FN:148,_RNvNtNtNtCsdMIo0gejTVK_13identity_core6common9timestamp5testss_19test_json_roundtrip
FN:121,_RNvNtNtNtCsdMIo0gejTVK_13identity_core6common9timestamp5testss_26test_parse_valid_truncated
FN:19,_RNvMNtNtCsdMIo0gejTVK_13identity_core6common9timestampNtB2_9Timestamp8truncate
FN:26,_RNvMNtNtCsdMIo0gejTVK_13identity_core6common9timestampNtB2_9Timestamp5parse
FN:19,_RNvMNtNtCsjQ7CiUSXMgx_13identity_core6common9timestampNtB2_9Timestamp8truncate
FN:26,_RNvMNtNtCsjQ7CiUSXMgx_13identity_core6common9timestampNtB2_9Timestamp5parse
FNDA:0,_RNvNtNtNtCsdMIo0gejTVK_13identity_core6common9timestamp5testss_16test_parse_valid
FNDA:0,_RNvNtNtNtCsdMIo0gejTVK_13identity_core6common9timestamp5testss_19test_json_roundtrip
FNDA:0,_RNvNtNtNtCsdMIo0gejTVK_13identity_core6common9timestamp5testss_26test_parse_valid_truncated
FNDA:0,_RNvMNtNtCsdMIo0gejTVK_13identity_core6common9timestampNtB2_9Timestamp8truncate
FNDA:0,_RNvMNtNtCsdMIo0gejTVK_13identity_core6common9timestampNtB2_9Timestamp5parse
FNDA:0,_RNvMNtNtCsjQ7CiUSXMgx_13identity_core6common9timestampNtB2_9Timestamp8truncate
FNDA:0,_RNvMNtNtCsjQ7CiUSXMgx_13identity_core6common9timestampNtB2_9Timestamp5parse
FNF:6
FNH:0
DA:19,0
DA:26,0
DA:27,0
DA:28,0
DA:29,0
DA:30,0
DA:31,0
DA:39,0
DA:40,0
DA:41,0
DA:48,0
DA:49,0
DA:50,0
DA:51,0
DA:55,0
DA:56,0
DA:57,0
DA:67,0
DA:68,0
DA:69,0
DA:81,0
DA:82,0
DA:83,0
DA:97,0
DA:98,0
DA:99,0
DA:108,0
DA:109,0
DA:110,0
DA:112,0
DA:114,0
DA:115,0
DA:117,0
DA:118,0
DA:121,0
DA:122,0
DA:123,0
DA:124,0
DA:126,0
DA:127,0
DA:148,0
DA:149,0
DA:150,0
DA:151,0
DA:153,0
DA:154,0
BRF:0
BFH:0
LF:51
LH:0
end_of_record
SF:identity-core/src/common/url.rs
FN:19,_RNvXs6_NtNtCsjQ7CiUSXMgx_13identity_core6common3urlNtB5_3UrlNtNtCskxz0FW6fCEL_13identity_diff6traits4Diff9into_diff
FN:97,_RNvXs6_NtNtCsjQ7CiUSXMgx_13identity_core6common3urlNtB5_3UrlNtNtCskxz0FW6fCEL_13identity_diff6traits4Diff5merge
FN:104,_RNvXs6_NtNtCsjQ7CiUSXMgx_13identity_core6common3urlNtB5_3UrlNtNtCskxz0FW6fCEL_13identity_diff6traits4Diff9from_diff
FNDA:0,_RNvXs6_NtNtCsjQ7CiUSXMgx_13identity_core6common3urlNtB5_3UrlNtNtCskxz0FW6fCEL_13identity_diff6traits4Diff9into_diff
FNDA:0,_RNvXs6_NtNtCsjQ7CiUSXMgx_13identity_core6common3urlNtB5_3UrlNtNtCskxz0FW6fCEL_13identity_diff6traits4Diff5merge
FNDA:0,_RNvXs6_NtNtCsjQ7CiUSXMgx_13identity_core6common3urlNtB5_3UrlNtNtCskxz0FW6fCEL_13identity_diff6traits4Diff9from_diff
FNF:3
FNH:0
DA:19,0
DA:36,0
DA:37,0
DA:38,0
DA:85,0
DA:86,0
DA:87,0
DA:97,0
DA:98,0
DA:99,0
DA:100,0
DA:101,0
DA:102,0
DA:104,0
DA:105,0
DA:106,0
DA:108,0
DA:109,0
DA:110,0
BRF:0
BFH:0
LF:19
LH:0
end_of_record
SF:identity-core/src/crypto/key/collection.rs
FN:150,_RINvMNtNtNtCsdMIo0gejTVK_13identity_core6crypto3key10collectionNtB3_13KeyCollection10merkle_keyNtNtNtCsgcTqQQq5qGi_6crypto6hashes7blake2b10Blake2b256EB9_
FN:38,_RINvMNtNtNtCsdMIo0gejTVK_13identity_core6crypto3key10collectionNtB3_13KeyCollection13from_iteratorINtNtNtCslaFPCg94Pel_5alloc3vec9into_iter8IntoIterTNtNtB5_3key9PublicKeyNtB2p_9SecretKeyEEEB9_
FN:38,_RINvMNtNtNtCsdMIo0gejTVK_13identity_core6crypto3key10collectionNtB3_13KeyCollection13from_iteratorINtNtNtNtCs4RZURTQcbNt_4core4iter8adapters3zip3ZipINtNtNtCslaFPCg94Pel_5alloc3vec9into_iter8IntoIterNtNtB5_3key9PublicKeyEIB2n_NtB3c_9SecretKeyEEEB9_
FN:150,_RINvMNtNtNtCsdMIo0gejTVK_13identity_core6crypto3key10collectionNtB3_13KeyCollection10merkle_keyNtNtCsfaahmxv2G8K_4sha26sha2566Sha256EB9_
FN:205,_RNvNtNtNtNtCsdMIo0gejTVK_13identity_core6crypto3key10collection5testss_12test_ed25519
FN:65,_RNvMNtNtNtCsdMIo0gejTVK_13identity_core6crypto3key10collectionNtB2_13KeyCollection3new
FN:94,_RNvMNtNtNtCsjQ7CiUSXMgx_13identity_core6crypto3key10collectionNtB2_13KeyCollection10public_ref
FN:28,_RNvXs1_NtNtNtCsjQ7CiUSXMgx_13identity_core6crypto3key10collectionNtB5_13KeyCollectionNtNtNtNtCs4RZURTQcbNt_4core4iter6traits7collect12IntoIterator9into_iter
FN:65,_RNvMNtNtNtCsjQ7CiUSXMgx_13identity_core6crypto3key10collectionNtB2_13KeyCollection3new
FN:104,_RNvMNtNtNtCsjQ7CiUSXMgx_13identity_core6crypto3key10collectionNtB2_13KeyCollection10secret_ref
FN:110,_RNvMNtNtNtCsjQ7CiUSXMgx_13identity_core6crypto3key10collectionNtB2_13KeyCollection7keypair
FN:38,_RINvMNtNtNtCsjQ7CiUSXMgx_13identity_core6crypto3key10collectionNtB3_13KeyCollection13from_iteratorINtNtNtCslaFPCg94Pel_5alloc3vec9into_iter8IntoIterTNtNtB5_3key9PublicKeyNtB2p_9SecretKeyEEEB9_
FN:38,_RINvMNtNtNtCsjQ7CiUSXMgx_13identity_core6crypto3key10collectionNtB3_13KeyCollection13from_iteratorINtNtNtNtCs4RZURTQcbNt_4core4iter8adapters7flatten7FlatMapINtNtNtB1H_5slice4iter4IterNtNtNtCskt00YjyhLiG_13identity_wasm6crypto14key_collection7KeyDataEINtNtB1H_6option6OptionTNtNtB5_3key9PublicKeyNtB4q_9SecretKeyEENCNvMs8_B2X_NtB2X_13KeyCollection9from_json0EEB31_
FNDA:0,_RINvMNtNtNtCsdMIo0gejTVK_13identity_core6crypto3key10collectionNtB3_13KeyCollection10merkle_keyNtNtNtCsgcTqQQq5qGi_6crypto6hashes7blake2b10Blake2b256EB9_
FNDA:0,_RINvMNtNtNtCsdMIo0gejTVK_13identity_core6crypto3key10collectionNtB3_13KeyCollection13from_iteratorINtNtNtCslaFPCg94Pel_5alloc3vec9into_iter8IntoIterTNtNtB5_3key9PublicKeyNtB2p_9SecretKeyEEEB9_
FNDA:0,_RINvMNtNtNtCsdMIo0gejTVK_13identity_core6crypto3key10collectionNtB3_13KeyCollection13from_iteratorINtNtNtNtCs4RZURTQcbNt_4core4iter8adapters3zip3ZipINtNtNtCslaFPCg94Pel_5alloc3vec9into_iter8IntoIterNtNtB5_3key9PublicKeyEIB2n_NtB3c_9SecretKeyEEEB9_
FNDA:0,_RINvMNtNtNtCsdMIo0gejTVK_13identity_core6crypto3key10collectionNtB3_13KeyCollection10merkle_keyNtNtCsfaahmxv2G8K_4sha26sha2566Sha256EB9_
FNDA:0,_RNvNtNtNtNtCsdMIo0gejTVK_13identity_core6crypto3key10collection5testss_12test_ed25519
FNDA:0,_RNvMNtNtNtCsdMIo0gejTVK_13identity_core6crypto3key10collectionNtB2_13KeyCollection3new
FNDA:0,_RNvMNtNtNtCsjQ7CiUSXMgx_13identity_core6crypto3key10collectionNtB2_13KeyCollection10public_ref
FNDA:0,_RNvXs1_NtNtNtCsjQ7CiUSXMgx_13identity_core6crypto3key10collectionNtB5_13KeyCollectionNtNtNtNtCs4RZURTQcbNt_4core4iter6traits7collect12IntoIterator9into_iter
FNDA:0,_RNvMNtNtNtCsjQ7CiUSXMgx_13identity_core6crypto3key10collectionNtB2_13KeyCollection3new
FNDA:0,_RNvMNtNtNtCsjQ7CiUSXMgx_13identity_core6crypto3key10collectionNtB2_13KeyCollection10secret_ref
FNDA:0,_RNvMNtNtNtCsjQ7CiUSXMgx_13identity_core6crypto3key10collectionNtB2_13KeyCollection7keypair
FNDA:0,_RINvMNtNtNtCsjQ7CiUSXMgx_13identity_core6crypto3key10collectionNtB3_13KeyCollection13from_iteratorINtNtNtCslaFPCg94Pel_5alloc3vec9into_iter8IntoIterTNtNtB5_3key9PublicKeyNtB2p_9SecretKeyEEEB9_
FNDA:0,_RINvMNtNtNtCsjQ7CiUSXMgx_13identity_core6crypto3key10collectionNtB3_13KeyCollection13from_iteratorINtNtNtNtCs4RZURTQcbNt_4core4iter8adapters7flatten7FlatMapINtNtNtB1H_5slice4iter4IterNtNtNtCskt00YjyhLiG_13identity_wasm6crypto14key_collection7KeyDataEINtNtB1H_6option6OptionTNtNtB5_3key9PublicKeyNtB4q_9SecretKeyEENCNvMs8_B2X_NtB2X_13KeyCollection9from_json0EEB31_
FNF:8
FNH:0
DA:28,0
DA:38,0
DA:39,0
DA:40,0
DA:41,0
DA:42,0
DA:43,0
DA:44,0
DA:45,0
DA:46,0
DA:47,0
DA:48,0
DA:49,0
DA:50,0
DA:51,0
DA:52,0
DA:53,0
DA:54,0
DA:55,0
DA:56,0
DA:57,0
DA:65,0
DA:66,0
DA:67,0
DA:70,0
DA:71,0
DA:94,0
DA:95,0
DA:96,0
DA:104,0
DA:105,0
DA:106,0
DA:110,0
DA:111,0
DA:113,0
DA:115,0
DA:133,0
DA:134,0
DA:135,0
DA:136,0
DA:137,0
DA:138,0
DA:141,0
DA:142,0
DA:143,0
DA:144,0
DA:145,0
DA:146,0
DA:150,0
DA:151,0
DA:152,0
DA:153,0
DA:154,0
DA:155,0
DA:156,0
DA:158,0
DA:159,0
DA:163,0
DA:164,0
DA:165,0
DA:166,0
DA:167,0
DA:168,0
DA:177,0
DA:178,0
DA:179,0
DA:186,0
DA:187,0
DA:188,0
DA:195,0
DA:196,0
DA:197,0
DA:205,0
DA:206,0
DA:208,0
DA:209,0
DA:211,0
DA:212,0
DA:214,0
DA:215,0
DA:217,0
DA:218,0
DA:219,0
DA:222,0
DA:223,0
DA:225,0
DA:227,0
DA:228,0
DA:230,0
DA:231,0
DA:232,0
DA:234,0
BRF:0
BFH:0
LF:101
LH:0
end_of_record
SF:identity-core/src/crypto/key/key.rs
FN:17,_RNvXs0_NtNtNtCsdMIo0gejTVK_13identity_core6crypto3key3keyNtB5_9PublicKeyNtNtNtCs4RZURTQcbNt_4core3ops4drop4Drop4drop
FNDA:0,_RNvXs0_NtNtNtCsdMIo0gejTVK_13identity_core6crypto3key3keyNtB5_9PublicKeyNtNtNtCs4RZURTQcbNt_4core3ops4drop4Drop4drop
FNF:1
FNH:0
DA:17,0
DA:23,0
DA:29,0
BRF:0
BFH:0
LF:3
LH:0
end_of_record
SF:identity-core/src/crypto/key/pair.rs
FN:91,_RNvNtNtNtNtCsdMIo0gejTVK_13identity_core6crypto3key4pair5testss_16test_new_ed25519
FN:28,_RNvMNtNtNtCsdMIo0gejTVK_13identity_core6crypto3key4pairNtB2_7KeyPair3new
FN:14,_RNvXs0_NtNtNtCsjQ7CiUSXMgx_13identity_core6crypto3key4pairNtB5_7KeyPairNtCs5LV527K1fLI_7zeroize7Zeroize7zeroize
FN:28,_RNvMNtNtNtCsjQ7CiUSXMgx_13identity_core6crypto3key4pairNtB2_7KeyPair3new
FNDA:0,_RNvNtNtNtNtCsdMIo0gejTVK_13identity_core6crypto3key4pair5testss_16test_new_ed25519
FNDA:0,_RNvMNtNtNtCsdMIo0gejTVK_13identity_core6crypto3key4pairNtB2_7KeyPair3new
FNDA:0,_RNvXs0_NtNtNtCsjQ7CiUSXMgx_13identity_core6crypto3key4pairNtB5_7KeyPairNtCs5LV527K1fLI_7zeroize7Zeroize7zeroize
FNDA:0,_RNvMNtNtNtCsjQ7CiUSXMgx_13identity_core6crypto3key4pairNtB2_7KeyPair3new
FNF:3
FNH:0
DA:14,0
DA:28,0
DA:29,0
DA:30,0
DA:33,0
DA:34,0
DA:70,0
DA:71,0
DA:72,0
DA:73,0
DA:91,0
DA:92,0
DA:93,0
DA:94,0
DA:95,0
DA:96,0
BRF:0
BFH:0
LF:16
LH:0
end_of_record
SF:identity-core/src/crypto/key/type_.rs
FN:14,_RNvXs7_NtNtNtCsdMIo0gejTVK_13identity_core6crypto3key5type_NtB5_7KeyTypeNtNtCs4RZURTQcbNt_4core3fmt5Debug3fmt
FN:14,_RNvXs7_NtNtNtCsjQ7CiUSXMgx_13identity_core6crypto3key5type_NtB5_7KeyTypeNtNtCs4RZURTQcbNt_4core3fmt5Debug3fmt
FN:43,_RNvXs_NtNtNtCsjQ7CiUSXMgx_13identity_core6crypto3key5type_NtB4_7KeyTypeNtNtNtCs4RZURTQcbNt_4core3str6traits7FromStr8from_str
FNDA:0,_RNvXs7_NtNtNtCsdMIo0gejTVK_13identity_core6crypto3key5type_NtB5_7KeyTypeNtNtCs4RZURTQcbNt_4core3fmt5Debug3fmt
FNDA:0,_RNvXs7_NtNtNtCsjQ7CiUSXMgx_13identity_core6crypto3key5type_NtB5_7KeyTypeNtNtCs4RZURTQcbNt_4core3fmt5Debug3fmt
FNDA:0,_RNvXs_NtNtNtCsjQ7CiUSXMgx_13identity_core6crypto3key5type_NtB4_7KeyTypeNtNtNtCs4RZURTQcbNt_4core3str6traits7FromStr8from_str
FNF:2
FNH:0
DA:14,0
DA:23,0
DA:24,0
DA:25,0
DA:26,0
DA:27,0
DA:30,0
DA:31,0
DA:32,0
DA:33,0
DA:34,0
DA:35,0
DA:36,0
DA:37,0
DA:43,0
DA:44,0
DA:45,0
DA:47,0
DA:49,0
BRF:0
BFH:0
LF:16
LH:0
end_of_record
SF:identity-core/src/crypto/merkle_key/base.rs
FN:63,_RINvNtNtNtNtCsdMIo0gejTVK_13identity_core6crypto10merkle_key4base5tests10assert_tagNtNtCsfaahmxv2G8K_4sha26sha2566Sha256NtNtNtB8_9signature7ed255197Ed25519EBa_
FN:63,_RINvNtNtNtNtCsdMIo0gejTVK_13identity_core6crypto10merkle_key4base5tests10assert_tagNtNtNtCsgcTqQQq5qGi_6crypto6hashes7blake2b10Blake2b256NtNtNtB8_9signature7ed255197Ed25519EBa_
FN:12,_RNvMNtNtNtCsdMIo0gejTVK_13identity_core6crypto10merkle_key4baseNtB2_9MerkleKey3tag
FN:23,_RNvMNtNtNtCsdMIo0gejTVK_13identity_core6crypto10merkle_key4baseNtB2_9MerkleKey12extract_tags
FN:12,_RNvMNtNtNtCsjQ7CiUSXMgx_13identity_core6crypto10merkle_key4baseNtB2_9MerkleKey3tag
FN:23,_RNvMNtNtNtCsjQ7CiUSXMgx_13identity_core6crypto10merkle_key4baseNtB2_9MerkleKey12extract_tags
FNDA:0,_RINvNtNtNtNtCsdMIo0gejTVK_13identity_core6crypto10merkle_key4base5tests10assert_tagNtNtCsfaahmxv2G8K_4sha26sha2566Sha256NtNtNtB8_9signature7ed255197Ed25519EBa_
FNDA:0,_RINvNtNtNtNtCsdMIo0gejTVK_13identity_core6crypto10merkle_key4base5tests10assert_tagNtNtNtCsgcTqQQq5qGi_6crypto6hashes7blake2b10Blake2b256NtNtNtB8_9signature7ed255197Ed25519EBa_
FNDA:0,_RNvMNtNtNtCsdMIo0gejTVK_13identity_core6crypto10merkle_key4baseNtB2_9MerkleKey3tag
FNDA:0,_RNvMNtNtNtCsdMIo0gejTVK_13identity_core6crypto10merkle_key4baseNtB2_9MerkleKey12extract_tags
FNDA:0,_RNvMNtNtNtCsjQ7CiUSXMgx_13identity_core6crypto10merkle_key4baseNtB2_9MerkleKey3tag
FNDA:0,_RNvMNtNtNtCsjQ7CiUSXMgx_13identity_core6crypto10merkle_key4baseNtB2_9MerkleKey12extract_tags
FNF:3
FNH:0
DA:12,0
DA:23,0
DA:24,0
DA:25,0
DA:27,0
DA:28,0
DA:31,0
DA:32,0
DA:33,0
DA:34,0
DA:35,0
DA:36,0
DA:37,0
DA:38,0
DA:39,0
DA:40,0
DA:41,0
DA:43,0
DA:44,0
DA:45,0
DA:46,0
DA:47,0
DA:48,0
DA:49,0
DA:63,0
DA:64,0
DA:65,0
DA:66,0
DA:67,0
DA:68,0
DA:69,0
DA:70,0
DA:71,0
DA:73,0
DA:74,0
DA:75,0
BRF:0
BFH:0
LF:36
LH:0
end_of_record
SF:identity-core/src/crypto/merkle_key/signer.rs
FN:124,_RINvXs1_NtNtNtCsdMIo0gejTVK_13identity_core6crypto10merkle_key6signerINtB6_12MerkleSignerNtNtCsfaahmxv2G8K_4sha26sha2566Sha256NtNtNtBa_9signature7ed255197Ed25519EINtNtNtB24_6traits4core6SignerINtB6_10SigningKeyB1p_EE4signRShEBc_
FN:124,_RINvXs1_NtNtNtCsdMIo0gejTVK_13identity_core6crypto10merkle_key6signerINtB6_12MerkleSignerNtNtNtCsgcTqQQq5qGi_6crypto6hashes7blake2b10Blake2b256NtNtNtBa_9signature7ed255197Ed25519EINtNtNtB2l_6traits4core6SignerINtB6_10SigningKeyB1p_EE4signRShEBc_
FN:124,_RINvXs1_NtNtNtCsjQ7CiUSXMgx_13identity_core6crypto10merkle_key6signerINtB6_12MerkleSignerNtNtCsfaahmxv2G8K_4sha26sha2566Sha256NtNtNtBa_9signature7ed255197Ed25519EINtNtNtB24_6traits4core6SignerINtB6_10SigningKeyB1p_EE4signQNtNtNtCs3sQMjYUjz43_12identity_did10verifiable5tests4ThatEB3E_
FN:124,_RINvXs1_NtNtNtCsjQ7CiUSXMgx_13identity_core6crypto10merkle_key6signerINtB6_12MerkleSignerNtNtNtCsgcTqQQq5qGi_6crypto6hashes7blake2b10Blake2b256NtNtNtBa_9signature7ed255197Ed25519EINtNtNtB2l_6traits4core6SignerINtB6_10SigningKeyB1p_EE4signQNtNtNtCs3sQMjYUjz43_12identity_did10verifiable5tests4ThatEB3V_
FN:124,_RINvXs1_NtNtNtCsjQ7CiUSXMgx_13identity_core6crypto10merkle_key6signerINtB6_12MerkleSignerNtNtCsfaahmxv2G8K_4sha26sha2566Sha256NtNtNtBa_9signature7ed255197Ed25519EINtNtNtB24_6traits4core6SignerINtB6_10SigningKeyB1p_EE4signQNtNtNtCs9VfPsUr1MEv_19identity_credential10credential10credential10CredentialEB3E_
FN:124,_RINvXs1_NtNtNtCsjQ7CiUSXMgx_13identity_core6crypto10merkle_key6signerINtB6_12MerkleSignerNtNtNtCsgcTqQQq5qGi_6crypto6hashes7blake2b10Blake2b256NtNtNtBa_9signature7ed255197Ed25519EINtNtNtB2l_6traits4core6SignerINtB6_10SigningKeyB1p_EE4signQNtNtNtCs9VfPsUr1MEv_19identity_credential10credential10credential10CredentialEB3V_
FN:124,_RINvXs1_NtNtNtCsjQ7CiUSXMgx_13identity_core6crypto10merkle_key6signerINtB6_12MerkleSignerNtNtCsfaahmxv2G8K_4sha26sha2566Sha256NtNtNtBa_9signature7ed255197Ed25519EINtNtNtB24_6traits4core6SignerINtB6_10SigningKeyB1p_EE4signQNtNtNtCsdwuhiSxlwM7_12identity_did10verifiable10properties10PropertiesECskt00YjyhLiG_13identity_wasm
FN:124,_RINvXs1_NtNtNtCsjQ7CiUSXMgx_13identity_core6crypto10merkle_key6signerINtB6_12MerkleSignerNtNtNtCsgcTqQQq5qGi_6crypto6hashes7blake2b10Blake2b256NtNtNtBa_9signature7ed255197Ed25519EINtNtNtB2l_6traits4core6SignerINtB6_10SigningKeyB1p_EE4signQNtNtNtCsdwuhiSxlwM7_12identity_did10verifiable10properties10PropertiesECskt00YjyhLiG_13identity_wasm
FN:124,_RINvXs1_NtNtNtCsjQ7CiUSXMgx_13identity_core6crypto10merkle_key6signerINtB6_12MerkleSignerNtNtCsfaahmxv2G8K_4sha26sha2566Sha256NtNtNtBa_9signature7ed255197Ed25519EINtNtNtB24_6traits4core6SignerINtB6_10SigningKeyB1p_EE4signQNtNtNtNtCsapfZL3txtKN_13identity_iota3did3doc4diff12DocumentDiffEB3G_
FN:124,_RINvXs1_NtNtNtCsjQ7CiUSXMgx_13identity_core6crypto10merkle_key6signerINtB6_12MerkleSignerNtNtNtCsgcTqQQq5qGi_6crypto6hashes7blake2b10Blake2b256NtNtNtBa_9signature7ed255197Ed25519EINtNtNtB2l_6traits4core6SignerINtB6_10SigningKeyB1p_EE4signQNtNtNtNtCsapfZL3txtKN_13identity_iota3did3doc4diff12DocumentDiffEB3X_
FNDA:0,_RINvXs1_NtNtNtCsdMIo0gejTVK_13identity_core6crypto10merkle_key6signerINtB6_12MerkleSignerNtNtCsfaahmxv2G8K_4sha26sha2566Sha256NtNtNtBa_9signature7ed255197Ed25519EINtNtNtB24_6traits4core6SignerINtB6_10SigningKeyB1p_EE4signRShEBc_
FNDA:0,_RINvXs1_NtNtNtCsdMIo0gejTVK_13identity_core6crypto10merkle_key6signerINtB6_12MerkleSignerNtNtNtCsgcTqQQq5qGi_6crypto6hashes7blake2b10Blake2b256NtNtNtBa_9signature7ed255197Ed25519EINtNtNtB2l_6traits4core6SignerINtB6_10SigningKeyB1p_EE4signRShEBc_
FNDA:0,_RINvXs1_NtNtNtCsjQ7CiUSXMgx_13identity_core6crypto10merkle_key6signerINtB6_12MerkleSignerNtNtCsfaahmxv2G8K_4sha26sha2566Sha256NtNtNtBa_9signature7ed255197Ed25519EINtNtNtB24_6traits4core6SignerINtB6_10SigningKeyB1p_EE4signQNtNtNtCs3sQMjYUjz43_12identity_did10verifiable5tests4ThatEB3E_
FNDA:0,_RINvXs1_NtNtNtCsjQ7CiUSXMgx_13identity_core6crypto10merkle_key6signerINtB6_12MerkleSignerNtNtNtCsgcTqQQq5qGi_6crypto6hashes7blake2b10Blake2b256NtNtNtBa_9signature7ed255197Ed25519EINtNtNtB2l_6traits4core6SignerINtB6_10SigningKeyB1p_EE4signQNtNtNtCs3sQMjYUjz43_12identity_did10verifiable5tests4ThatEB3V_
FNDA:0,_RINvXs1_NtNtNtCsjQ7CiUSXMgx_13identity_core6crypto10merkle_key6signerINtB6_12MerkleSignerNtNtCsfaahmxv2G8K_4sha26sha2566Sha256NtNtNtBa_9signature7ed255197Ed25519EINtNtNtB24_6traits4core6SignerINtB6_10SigningKeyB1p_EE4signQNtNtNtCs9VfPsUr1MEv_19identity_credential10credential10credential10CredentialEB3E_
FNDA:0,_RINvXs1_NtNtNtCsjQ7CiUSXMgx_13identity_core6crypto10merkle_key6signerINtB6_12MerkleSignerNtNtNtCsgcTqQQq5qGi_6crypto6hashes7blake2b10Blake2b256NtNtNtBa_9signature7ed255197Ed25519EINtNtNtB2l_6traits4core6SignerINtB6_10SigningKeyB1p_EE4signQNtNtNtCs9VfPsUr1MEv_19identity_credential10credential10credential10CredentialEB3V_
FNDA:0,_RINvXs1_NtNtNtCsjQ7CiUSXMgx_13identity_core6crypto10merkle_key6signerINtB6_12MerkleSignerNtNtCsfaahmxv2G8K_4sha26sha2566Sha256NtNtNtBa_9signature7ed255197Ed25519EINtNtNtB24_6traits4core6SignerINtB6_10SigningKeyB1p_EE4signQNtNtNtCsdwuhiSxlwM7_12identity_did10verifiable10properties10PropertiesECskt00YjyhLiG_13identity_wasm
FNDA:0,_RINvXs1_NtNtNtCsjQ7CiUSXMgx_13identity_core6crypto10merkle_key6signerINtB6_12MerkleSignerNtNtNtCsgcTqQQq5qGi_6crypto6hashes7blake2b10Blake2b256NtNtNtBa_9signature7ed255197Ed25519EINtNtNtB2l_6traits4core6SignerINtB6_10SigningKeyB1p_EE4signQNtNtNtCsdwuhiSxlwM7_12identity_did10verifiable10properties10PropertiesECskt00YjyhLiG_13identity_wasm
FNDA:0,_RINvXs1_NtNtNtCsjQ7CiUSXMgx_13identity_core6crypto10merkle_key6signerINtB6_12MerkleSignerNtNtCsfaahmxv2G8K_4sha26sha2566Sha256NtNtNtBa_9signature7ed255197Ed25519EINtNtNtB24_6traits4core6SignerINtB6_10SigningKeyB1p_EE4signQNtNtNtNtCsapfZL3txtKN_13identity_iota3did3doc4diff12DocumentDiffEB3G_
FNDA:0,_RINvXs1_NtNtNtCsjQ7CiUSXMgx_13identity_core6crypto10merkle_key6signerINtB6_12MerkleSignerNtNtNtCsgcTqQQq5qGi_6crypto6hashes7blake2b10Blake2b256NtNtNtBa_9signature7ed255197Ed25519EINtNtNtB2l_6traits4core6SignerINtB6_10SigningKeyB1p_EE4signQNtNtNtNtCsapfZL3txtKN_13identity_iota3did3doc4diff12DocumentDiffEB3X_
FNF:1
FNH:0
DA:124,0
DA:125,0
DA:126,0
DA:127,0
DA:128,0
DA:129,0
DA:130,0
DA:131,0
DA:132,0
DA:133,0
DA:134,0
BRF:0
BFH:0
LF:11
LH:0
end_of_record
SF:identity-core/src/crypto/merkle_key/tag.rs
FN:5,_RNvXs8_NtNtNtCsdMIo0gejTVK_13identity_core6crypto10merkle_key3tagNtB5_9MerkleTagNtNtCs4RZURTQcbNt_4core3fmt5Debug3fmt
FN:5,_RNvXs8_NtNtNtCsjQ7CiUSXMgx_13identity_core6crypto10merkle_key3tagNtB5_9MerkleTagNtNtCs4RZURTQcbNt_4core3fmt5Debug3fmt
FNDA:0,_RNvXs8_NtNtNtCsdMIo0gejTVK_13identity_core6crypto10merkle_key3tagNtB5_9MerkleTagNtNtCs4RZURTQcbNt_4core3fmt5Debug3fmt
FNDA:0,_RNvXs8_NtNtNtCsjQ7CiUSXMgx_13identity_core6crypto10merkle_key3tagNtB5_9MerkleTagNtNtCs4RZURTQcbNt_4core3fmt5Debug3fmt
FNF:1
FNH:0
DA:5,0
DA:26,0
DA:27,0
DA:28,0
BRF:0
BFH:0
LF:4
LH:0
end_of_record
SF:identity-core/src/crypto/merkle_key/verifier.rs
FN:26,_RNvNtNtNtCsdMIo0gejTVK_13identity_core6crypto10merkle_key8verifier22expand_signature_value
FN:89,_RINvXs0_NtNtNtCsdMIo0gejTVK_13identity_core6crypto10merkle_key8verifierINtB6_14MerkleVerifierNtNtCsfaahmxv2G8K_4sha26sha2566Sha256NtNtNtBa_9signature7ed255197Ed25519EINtNtNtB28_6traits4core8VerifierNtB6_15VerificationKeyE6verifyRShEBc_
FN:89,_RINvXs0_NtNtNtCsdMIo0gejTVK_13identity_core6crypto10merkle_key8verifierINtB6_14MerkleVerifierNtNtNtCsgcTqQQq5qGi_6crypto6hashes7blake2b10Blake2b256NtNtNtBa_9signature7ed255197Ed25519EINtNtNtB2p_6traits4core8VerifierNtB6_15VerificationKeyE6verifyRShEBc_
FN:125,_RINvNtNtNtCsdMIo0gejTVK_13identity_core6crypto10merkle_key8verifier20decompose_public_keyNtNtCsfaahmxv2G8K_4sha26sha2566Sha256NtNtNtB6_9signature7ed255197Ed25519EB8_
FN:125,_RINvNtNtNtCsdMIo0gejTVK_13identity_core6crypto10merkle_key8verifier20decompose_public_keyNtNtNtCsgcTqQQq5qGi_6crypto6hashes7blake2b10Blake2b256NtNtNtB6_9signature7ed255197Ed25519EB8_
FN:125,_RINvNtNtNtCsjQ7CiUSXMgx_13identity_core6crypto10merkle_key8verifier20decompose_public_keyNtNtCsfaahmxv2G8K_4sha26sha2566Sha256NtNtNtB6_9signature7ed255197Ed25519ECs3sQMjYUjz43_12identity_did
FN:125,_RINvNtNtNtCsjQ7CiUSXMgx_13identity_core6crypto10merkle_key8verifier20decompose_public_keyNtNtNtCsgcTqQQq5qGi_6crypto6hashes7blake2b10Blake2b256NtNtNtB6_9signature7ed255197Ed25519ECs3sQMjYUjz43_12identity_did
FN:89,_RINvXs0_NtNtNtCsjQ7CiUSXMgx_13identity_core6crypto10merkle_key8verifierINtB6_14MerkleVerifierNtNtCsfaahmxv2G8K_4sha26sha2566Sha256NtNtNtBa_9signature7ed255197Ed25519EINtNtNtB28_6traits4core8VerifierNtB6_15VerificationKeyE6verifyRNtNtNtCs3sQMjYUjz43_12identity_did10verifiable5tests4ThatEB3L_
FN:89,_RINvXs0_NtNtNtCsjQ7CiUSXMgx_13identity_core6crypto10merkle_key8verifierINtB6_14MerkleVerifierNtNtNtCsgcTqQQq5qGi_6crypto6hashes7blake2b10Blake2b256NtNtNtBa_9signature7ed255197Ed25519EINtNtNtB2p_6traits4core8VerifierNtB6_15VerificationKeyE6verifyRNtNtNtCs3sQMjYUjz43_12identity_did10verifiable5tests4ThatEB42_
FN:26,_RNvNtNtNtCsjQ7CiUSXMgx_13identity_core6crypto10merkle_key8verifier22expand_signature_value
FN:89,_RINvXs0_NtNtNtCsjQ7CiUSXMgx_13identity_core6crypto10merkle_key8verifierINtB6_14MerkleVerifierNtNtNtCsgcTqQQq5qGi_6crypto6hashes7blake2b10Blake2b256NtNtNtBa_9signature7ed255197Ed25519EINtNtNtB2p_6traits4core8VerifierNtB6_15VerificationKeyE6verifyRNtNtNtCs1iZZWPuKeP6_19identity_credential12presentation12presentation12PresentationECskt00YjyhLiG_13identity_wasm
FN:89,_RINvXs0_NtNtNtCsjQ7CiUSXMgx_13identity_core6crypto10merkle_key8verifierINtB6_14MerkleVerifierNtNtNtCsgcTqQQq5qGi_6crypto6hashes7blake2b10Blake2b256NtNtNtBa_9signature7ed255197Ed25519EINtNtNtB2p_6traits4core8VerifierNtB6_15VerificationKeyE6verifyRNtNtNtCsdwuhiSxlwM7_12identity_did10verifiable10properties10PropertiesECskt00YjyhLiG_13identity_wasm
FN:89,_RINvXs0_NtNtNtCsjQ7CiUSXMgx_13identity_core6crypto10merkle_key8verifierINtB6_14MerkleVerifierNtNtCsfaahmxv2G8K_4sha26sha2566Sha256NtNtNtBa_9signature7ed255197Ed25519EINtNtNtB28_6traits4core8VerifierNtB6_15VerificationKeyE6verifyRNtNtNtCs1iZZWPuKeP6_19identity_credential12presentation12presentation12PresentationECskt00YjyhLiG_13identity_wasm
FN:89,_RINvXs0_NtNtNtCsjQ7CiUSXMgx_13identity_core6crypto10merkle_key8verifierINtB6_14MerkleVerifierNtNtCsfaahmxv2G8K_4sha26sha2566Sha256NtNtNtBa_9signature7ed255197Ed25519EINtNtNtB28_6traits4core8VerifierNtB6_15VerificationKeyE6verifyRNtNtNtCsdwuhiSxlwM7_12identity_did10verifiable10properties10PropertiesECskt00YjyhLiG_13identity_wasm
FN:89,_RINvXs0_NtNtNtCsjQ7CiUSXMgx_13identity_core6crypto10merkle_key8verifierINtB6_14MerkleVerifierNtNtNtCsgcTqQQq5qGi_6crypto6hashes7blake2b10Blake2b256NtNtNtBa_9signature7ed255197Ed25519EINtNtNtB2p_6traits4core8VerifierNtB6_15VerificationKeyE6verifyRNtNtNtCs1iZZWPuKeP6_19identity_credential10credential10credential10CredentialECskt00YjyhLiG_13identity_wasm
FN:89,_RINvXs0_NtNtNtCsjQ7CiUSXMgx_13identity_core6crypto10merkle_key8verifierINtB6_14MerkleVerifierNtNtCsfaahmxv2G8K_4sha26sha2566Sha256NtNtNtBa_9signature7ed255197Ed25519EINtNtNtB28_6traits4core8VerifierNtB6_15VerificationKeyE6verifyRNtNtNtCs1iZZWPuKeP6_19identity_credential10credential10credential10CredentialECskt00YjyhLiG_13identity_wasm
FN:125,_RINvNtNtNtCsjQ7CiUSXMgx_13identity_core6crypto10merkle_key8verifier20decompose_public_keyNtNtNtCsgcTqQQq5qGi_6crypto6hashes7blake2b10Blake2b256NtNtNtB6_9signature7ed255197Ed25519ECsapfZL3txtKN_13identity_iota
FN:89,_RINvXs0_NtNtNtCsjQ7CiUSXMgx_13identity_core6crypto10merkle_key8verifierINtB6_14MerkleVerifierNtNtNtCsgcTqQQq5qGi_6crypto6hashes7blake2b10Blake2b256NtNtNtBa_9signature7ed255197Ed25519EINtNtNtB2p_6traits4core8VerifierNtB6_15VerificationKeyE6verifyRNtNtNtNtCsapfZL3txtKN_13identity_iota3did3doc8document8DocumentEB44_
FN:89,_RINvXs0_NtNtNtCsjQ7CiUSXMgx_13identity_core6crypto10merkle_key8verifierINtB6_14MerkleVerifierNtNtCsfaahmxv2G8K_4sha26sha2566Sha256NtNtNtBa_9signature7ed255197Ed25519EINtNtNtB28_6traits4core8VerifierNtB6_15VerificationKeyE6verifyRNtNtNtNtCsapfZL3txtKN_13identity_iota3did3doc8document8DocumentEB3N_
FN:125,_RINvNtNtNtCsjQ7CiUSXMgx_13identity_core6crypto10merkle_key8verifier20decompose_public_keyNtNtCsfaahmxv2G8K_4sha26sha2566Sha256NtNtNtB6_9signature7ed255197Ed25519ECsapfZL3txtKN_13identity_iota
FN:89,_RINvXs0_NtNtNtCsjQ7CiUSXMgx_13identity_core6crypto10merkle_key8verifierINtB6_14MerkleVerifierNtNtNtCsgcTqQQq5qGi_6crypto6hashes7blake2b10Blake2b256NtNtNtBa_9signature7ed255197Ed25519EINtNtNtB2p_6traits4core8VerifierNtB6_15VerificationKeyE6verifyRNtNtNtNtCsapfZL3txtKN_13identity_iota3did3doc4diff12DocumentDiffEB44_
FN:89,_RINvXs0_NtNtNtCsjQ7CiUSXMgx_13identity_core6crypto10merkle_key8verifierINtB6_14MerkleVerifierNtNtCsfaahmxv2G8K_4sha26sha2566Sha256NtNtNtBa_9signature7ed255197Ed25519EINtNtNtB28_6traits4core8VerifierNtB6_15VerificationKeyE6verifyRNtNtNtNtCsapfZL3txtKN_13identity_iota3did3doc4diff12DocumentDiffEB3N_
FNDA:0,_RNvNtNtNtCsdMIo0gejTVK_13identity_core6crypto10merkle_key8verifier22expand_signature_value
FNDA:0,_RINvXs0_NtNtNtCsdMIo0gejTVK_13identity_core6crypto10merkle_key8verifierINtB6_14MerkleVerifierNtNtCsfaahmxv2G8K_4sha26sha2566Sha256NtNtNtBa_9signature7ed255197Ed25519EINtNtNtB28_6traits4core8VerifierNtB6_15VerificationKeyE6verifyRShEBc_
FNDA:0,_RINvXs0_NtNtNtCsdMIo0gejTVK_13identity_core6crypto10merkle_key8verifierINtB6_14MerkleVerifierNtNtNtCsgcTqQQq5qGi_6crypto6hashes7blake2b10Blake2b256NtNtNtBa_9signature7ed255197Ed25519EINtNtNtB2p_6traits4core8VerifierNtB6_15VerificationKeyE6verifyRShEBc_
FNDA:0,_RINvNtNtNtCsdMIo0gejTVK_13identity_core6crypto10merkle_key8verifier20decompose_public_keyNtNtCsfaahmxv2G8K_4sha26sha2566Sha256NtNtNtB6_9signature7ed255197Ed25519EB8_
FNDA:0,_RINvNtNtNtCsdMIo0gejTVK_13identity_core6crypto10merkle_key8verifier20decompose_public_keyNtNtNtCsgcTqQQq5qGi_6crypto6hashes7blake2b10Blake2b256NtNtNtB6_9signature7ed255197Ed25519EB8_
FNDA:0,_RINvNtNtNtCsjQ7CiUSXMgx_13identity_core6crypto10merkle_key8verifier20decompose_public_keyNtNtCsfaahmxv2G8K_4sha26sha2566Sha256NtNtNtB6_9signature7ed255197Ed25519ECs3sQMjYUjz43_12identity_did
FNDA:0,_RINvNtNtNtCsjQ7CiUSXMgx_13identity_core6crypto10merkle_key8verifier20decompose_public_keyNtNtNtCsgcTqQQq5qGi_6crypto6hashes7blake2b10Blake2b256NtNtNtB6_9signature7ed255197Ed25519ECs3sQMjYUjz43_12identity_did
FNDA:0,_RINvXs0_NtNtNtCsjQ7CiUSXMgx_13identity_core6crypto10merkle_key8verifierINtB6_14MerkleVerifierNtNtCsfaahmxv2G8K_4sha26sha2566Sha256NtNtNtBa_9signature7ed255197Ed25519EINtNtNtB28_6traits4core8VerifierNtB6_15VerificationKeyE6verifyRNtNtNtCs3sQMjYUjz43_12identity_did10verifiable5tests4ThatEB3L_
FNDA:0,_RINvXs0_NtNtNtCsjQ7CiUSXMgx_13identity_core6crypto10merkle_key8verifierINtB6_14MerkleVerifierNtNtNtCsgcTqQQq5qGi_6crypto6hashes7blake2b10Blake2b256NtNtNtBa_9signature7ed255197Ed25519EINtNtNtB2p_6traits4core8VerifierNtB6_15VerificationKeyE6verifyRNtNtNtCs3sQMjYUjz43_12identity_did10verifiable5tests4ThatEB42_
FNDA:0,_RNvNtNtNtCsjQ7CiUSXMgx_13identity_core6crypto10merkle_key8verifier22expand_signature_value
FNDA:0,_RINvXs0_NtNtNtCsjQ7CiUSXMgx_13identity_core6crypto10merkle_key8verifierINtB6_14MerkleVerifierNtNtNtCsgcTqQQq5qGi_6crypto6hashes7blake2b10Blake2b256NtNtNtBa_9signature7ed255197Ed25519EINtNtNtB2p_6traits4core8VerifierNtB6_15VerificationKeyE6verifyRNtNtNtCs1iZZWPuKeP6_19identity_credential12presentation12presentation12PresentationECskt00YjyhLiG_13identity_wasm
FNDA:0,_RINvXs0_NtNtNtCsjQ7CiUSXMgx_13identity_core6crypto10merkle_key8verifierINtB6_14MerkleVerifierNtNtNtCsgcTqQQq5qGi_6crypto6hashes7blake2b10Blake2b256NtNtNtBa_9signature7ed255197Ed25519EINtNtNtB2p_6traits4core8VerifierNtB6_15VerificationKeyE6verifyRNtNtNtCsdwuhiSxlwM7_12identity_did10verifiable10properties10PropertiesECskt00YjyhLiG_13identity_wasm
FNDA:0,_RINvXs0_NtNtNtCsjQ7CiUSXMgx_13identity_core6crypto10merkle_key8verifierINtB6_14MerkleVerifierNtNtCsfaahmxv2G8K_4sha26sha2566Sha256NtNtNtBa_9signature7ed255197Ed25519EINtNtNtB28_6traits4core8VerifierNtB6_15VerificationKeyE6verifyRNtNtNtCs1iZZWPuKeP6_19identity_credential12presentation12presentation12PresentationECskt00YjyhLiG_13identity_wasm
FNDA:0,_RINvXs0_NtNtNtCsjQ7CiUSXMgx_13identity_core6crypto10merkle_key8verifierINtB6_14MerkleVerifierNtNtCsfaahmxv2G8K_4sha26sha2566Sha256NtNtNtBa_9signature7ed255197Ed25519EINtNtNtB28_6traits4core8VerifierNtB6_15VerificationKeyE6verifyRNtNtNtCsdwuhiSxlwM7_12identity_did10verifiable10properties10PropertiesECskt00YjyhLiG_13identity_wasm
FNDA:0,_RINvXs0_NtNtNtCsjQ7CiUSXMgx_13identity_core6crypto10merkle_key8verifierINtB6_14MerkleVerifierNtNtNtCsgcTqQQq5qGi_6crypto6hashes7blake2b10Blake2b256NtNtNtBa_9signature7ed255197Ed25519EINtNtNtB2p_6traits4core8VerifierNtB6_15VerificationKeyE6verifyRNtNtNtCs1iZZWPuKeP6_19identity_credential10credential10credential10CredentialECskt00YjyhLiG_13identity_wasm
FNDA:0,_RINvXs0_NtNtNtCsjQ7CiUSXMgx_13identity_core6crypto10merkle_key8verifierINtB6_14MerkleVerifierNtNtCsfaahmxv2G8K_4sha26sha2566Sha256NtNtNtBa_9signature7ed255197Ed25519EINtNtNtB28_6traits4core8VerifierNtB6_15VerificationKeyE6verifyRNtNtNtCs1iZZWPuKeP6_19identity_credential10credential10credential10CredentialECskt00YjyhLiG_13identity_wasm
FNDA:0,_RINvNtNtNtCsjQ7CiUSXMgx_13identity_core6crypto10merkle_key8verifier20decompose_public_keyNtNtNtCsgcTqQQq5qGi_6crypto6hashes7blake2b10Blake2b256NtNtNtB6_9signature7ed255197Ed25519ECsapfZL3txtKN_13identity_iota
FNDA:0,_RINvXs0_NtNtNtCsjQ7CiUSXMgx_13identity_core6crypto10merkle_key8verifierINtB6_14MerkleVerifierNtNtNtCsgcTqQQq5qGi_6crypto6hashes7blake2b10Blake2b256NtNtNtBa_9signature7ed255197Ed25519EINtNtNtB2p_6traits4core8VerifierNtB6_15VerificationKeyE6verifyRNtNtNtNtCsapfZL3txtKN_13identity_iota3did3doc8document8DocumentEB44_
FNDA:0,_RINvXs0_NtNtNtCsjQ7CiUSXMgx_13identity_core6crypto10merkle_key8verifierINtB6_14MerkleVerifierNtNtCsfaahmxv2G8K_4sha26sha2566Sha256NtNtNtBa_9signature7ed255197Ed25519EINtNtNtB28_6traits4core8VerifierNtB6_15VerificationKeyE6verifyRNtNtNtNtCsapfZL3txtKN_13identity_iota3did3doc8document8DocumentEB3N_
FNDA:0,_RINvNtNtNtCsjQ7CiUSXMgx_13identity_core6crypto10merkle_key8verifier20decompose_public_keyNtNtCsfaahmxv2G8K_4sha26sha2566Sha256NtNtNtB6_9signature7ed255197Ed25519ECsapfZL3txtKN_13identity_iota
[...]
FNDA:0,_RINvMNtNtNtCsapfZL3txtKN_13identity_iota3did3doc6methodNtB3_6Method17create_merkle_keyNtNtCsfaahmxv2G8K_4sha26sha2566Sha256INtNtCs4RZURTQcbNt_4core6option6OptionReEECskt00YjyhLiG_13identity_wasm
FNDA:0,_RINvMNtNtNtCsapfZL3txtKN_13identity_iota3did3doc6methodNtB3_6Method8from_didINtNtCs4RZURTQcbNt_4core6option6OptionReEECskt00YjyhLiG_13identity_wasm
FNDA:0,_RINvMNtNtNtCsapfZL3txtKN_13identity_iota3did3doc6methodNtB3_6Method8from_didReEB9_
FNDA:0,_RINvMNtNtNtCsapfZL3txtKN_13identity_iota3did3doc6methodNtB3_6Method12from_keypairReEB9_
FNDA:0,_RNvMNtNtNtCsapfZL3txtKN_13identity_iota3did3doc6methodNtB2_6Method13try_from_core
FNDA:0,_RNvXs5_NtNtNtCsapfZL3txtKN_13identity_iota3did3doc6methodNtB5_6MethodNtNtNtCsdwuhiSxlwM7_12identity_did10verifiable6traits10Revocation10revocation
FNDA:0,_RNvMNtNtNtCsapfZL3txtKN_13identity_iota3did3doc6methodNtB2_6Method12try_from_mut
FNDA:0,_RNvMNtNtNtCsapfZL3txtKN_13identity_iota3did3doc6methodNtB2_6Method14check_validity
FNDA:0,_RNvMNtNtNtCsapfZL3txtKN_13identity_iota3did3doc6methodNtB2_6Method17revoke_merkle_key
FNF:8
FNH:0
DA:29,0
DA:39,0
DA:40,0
DA:41,0
DA:42,0
DA:43,0
DA:44,0
DA:45,0
DA:47,0
DA:48,0
DA:49,0
DA:50,0
DA:51,0
DA:52,0
DA:53,0
DA:54,0
DA:55,0
DA:58,0
DA:59,0
DA:60,0
DA:61,0
DA:62,0
DA:63,0
DA:65,0
DA:66,0
DA:69,0
DA:70,0
DA:71,0
DA:72,0
DA:73,0
DA:74,0
DA:76,0
DA:77,0
DA:78,0
DA:79,0
DA:80,0
DA:81,0
DA:82,0
DA:85,0
DA:86,0
DA:94,0
DA:96,0
DA:97,0
DA:102,0
DA:105,0
DA:106,0
DA:127,0
DA:128,0
DA:131,0
DA:132,0
DA:133,0
DA:134,0
DA:135,0
DA:136,0
DA:137,0
DA:138,0
DA:139,0
DA:140,0
DA:141,0
DA:142,0
DA:163,0
DA:164,0
DA:165,0
DA:166,0
DA:168,0
DA:169,0
DA:170,0
DA:172,0
DA:173,0
DA:174,0
DA:175,0
DA:177,0
DA:178,0
DA:222,0
DA:223,0
DA:224,0
BRF:0
BFH:0
LF:92
LH:0
end_of_record
SF:identity-iota/src/did/doc/properties.rs
FN:10,_RNvXs0_NvXNvNtNtNtCsapfZL3txtKN_13identity_iota3did3doc10propertiess_1__NtBa_10PropertiesNtNtCsbmAr7Tf4vl1_5serde2de11Deserialize11deserializeNtB5_9___VisitorNtB1r_7Visitor9expecting
FNDA:0,_RNvXs0_NvXNvNtNtNtCsapfZL3txtKN_13identity_iota3did3doc10propertiess_1__NtBa_10PropertiesNtNtCsbmAr7Tf4vl1_5serde2de11Deserialize11deserializeNtB5_9___VisitorNtB1r_7Visitor9expecting
FNF:1
FNH:0
DA:10,0
BRF:0
BFH:0
LF:1
LH:0
end_of_record
SF:identity-iota/src/did/url/did.rs
FN:404,_RNvNtNtNtNtCs8WRqiRN7SZr_13identity_iota3did3url3did5testss_17test_with_network
FN:318,_RNvNtNtNtNtCs8WRqiRN7SZr_13identity_iota3did3url3did5testss_16test_parse_valid
FN:328,_RNvNtNtNtNtCs8WRqiRN7SZr_13identity_iota3did3url3did5testss_18test_parse_invalid
FN:350,_RNvNtNtNtNtCs8WRqiRN7SZr_13identity_iota3did3url3did5testss_12test_network
FN:415,_RNvNtNtNtNtCs8WRqiRN7SZr_13identity_iota3did3url3did5testss_27test_with_network_and_shard
FN:336,_RNvNtNtNtNtCs8WRqiRN7SZr_13identity_iota3did3url3did5testss_13test_from_did
FN:364,_RNvNtNtNtNtCs8WRqiRN7SZr_13identity_iota3did3url3did5testss_10test_shard
FN:375,_RNvNtNtNtNtCs8WRqiRN7SZr_13identity_iota3did3url3did5testss_8test_tag
FN:393,_RNvNtNtNtNtCs8WRqiRN7SZr_13identity_iota3did3url3did5testss_8test_new
FN:426,_RNvNtNtNtNtCs8WRqiRN7SZr_13identity_iota3did3url3did5testss_14test_normalize
FN:387,_RNvNtNtNtNtCs8WRqiRN7SZr_13identity_iota3did3url3did5testss_12test_address
FN:30,_RNvXs6_NtNtNtCs8WRqiRN7SZr_13identity_iota3did3url3didNtB5_3DIDNtNtNtCs4RZURTQcbNt_4core3str6traits7FromStr8from_str
FN:167,_RNvMNtNtNtCs8WRqiRN7SZr_13identity_iota3did3url3didNtB2_3DID15check_method_id
FN:63,_RNvMNtNtNtCs8WRqiRN7SZr_13identity_iota3did3url3didNtB2_3DID14try_from_owned
FN:231,_RNvMNtNtNtCs8WRqiRN7SZr_13identity_iota3did3url3didNtB2_3DID9normalize
FN:192,_RNvMNtNtNtCs8WRqiRN7SZr_13identity_iota3did3url3didNtB2_3DID14check_validity
FN:154,_RNvMNtNtNtCs8WRqiRN7SZr_13identity_iota3did3url3didNtB2_3DID12check_method
FN:30,_RNvXs0_NtNtNtCsapfZL3txtKN_13identity_iota3did3url3didNtB5_3DIDNtNtCs4RZURTQcbNt_4core3fmt5Debug3fmt
FN:167,_RNvMNtNtNtCsapfZL3txtKN_13identity_iota3did3url3didNtB2_3DID15check_method_id
FN:116,_RNvMNtNtNtCsapfZL3txtKN_13identity_iota3did3url3didNtB2_3DID15from_components
FN:63,_RNvMNtNtNtCsapfZL3txtKN_13identity_iota3did3url3didNtB2_3DID14try_from_owned
FN:51,_RNvMNtNtNtCsapfZL3txtKN_13identity_iota3did3url3didNtB2_3DID17try_from_borrowed
FN:154,_RNvMNtNtNtCsapfZL3txtKN_13identity_iota3did3url3didNtB2_3DID12check_method
FN:231,_RNvMNtNtNtCsapfZL3txtKN_13identity_iota3did3url3didNtB2_3DID9normalize
FN:192,_RNvMNtNtNtCsapfZL3txtKN_13identity_iota3did3url3didNtB2_3DID14check_validity
FNDA:0,_RNvNtNtNtNtCs8WRqiRN7SZr_13identity_iota3did3url3did5testss_17test_with_network
FNDA:0,_RNvNtNtNtNtCs8WRqiRN7SZr_13identity_iota3did3url3did5testss_16test_parse_valid
FNDA:0,_RNvNtNtNtNtCs8WRqiRN7SZr_13identity_iota3did3url3did5testss_18test_parse_invalid
FNDA:0,_RNvNtNtNtNtCs8WRqiRN7SZr_13identity_iota3did3url3did5testss_12test_network
FNDA:0,_RNvNtNtNtNtCs8WRqiRN7SZr_13identity_iota3did3url3did5testss_27test_with_network_and_shard
FNDA:0,_RNvNtNtNtNtCs8WRqiRN7SZr_13identity_iota3did3url3did5testss_13test_from_did
FNDA:0,_RNvNtNtNtNtCs8WRqiRN7SZr_13identity_iota3did3url3did5testss_10test_shard
FNDA:0,_RNvNtNtNtNtCs8WRqiRN7SZr_13identity_iota3did3url3did5testss_8test_tag
FNDA:0,_RNvNtNtNtNtCs8WRqiRN7SZr_13identity_iota3did3url3did5testss_8test_new
FNDA:0,_RNvNtNtNtNtCs8WRqiRN7SZr_13identity_iota3did3url3did5testss_14test_normalize
FNDA:0,_RNvNtNtNtNtCs8WRqiRN7SZr_13identity_iota3did3url3did5testss_12test_address
FNDA:0,_RNvXs6_NtNtNtCs8WRqiRN7SZr_13identity_iota3did3url3didNtB5_3DIDNtNtNtCs4RZURTQcbNt_4core3str6traits7FromStr8from_str
FNDA:0,_RNvMNtNtNtCs8WRqiRN7SZr_13identity_iota3did3url3didNtB2_3DID15check_method_id
FNDA:0,_RNvMNtNtNtCs8WRqiRN7SZr_13identity_iota3did3url3didNtB2_3DID14try_from_owned
FNDA:0,_RNvMNtNtNtCs8WRqiRN7SZr_13identity_iota3did3url3didNtB2_3DID9normalize
FNDA:0,_RNvMNtNtNtCs8WRqiRN7SZr_13identity_iota3did3url3didNtB2_3DID14check_validity
FNDA:0,_RNvMNtNtNtCs8WRqiRN7SZr_13identity_iota3did3url3didNtB2_3DID12check_method
FNDA:0,_RNvXs0_NtNtNtCsapfZL3txtKN_13identity_iota3did3url3didNtB5_3DIDNtNtCs4RZURTQcbNt_4core3fmt5Debug3fmt
FNDA:0,_RNvMNtNtNtCsapfZL3txtKN_13identity_iota3did3url3didNtB2_3DID15check_method_id
FNDA:0,_RNvMNtNtNtCsapfZL3txtKN_13identity_iota3did3url3didNtB2_3DID15from_components
FNDA:0,_RNvMNtNtNtCsapfZL3txtKN_13identity_iota3did3url3didNtB2_3DID14try_from_owned
FNDA:0,_RNvMNtNtNtCsapfZL3txtKN_13identity_iota3did3url3didNtB2_3DID17try_from_borrowed
FNDA:0,_RNvMNtNtNtCsapfZL3txtKN_13identity_iota3did3url3didNtB2_3DID12check_method
FNDA:0,_RNvMNtNtNtCsapfZL3txtKN_13identity_iota3did3url3didNtB2_3DID9normalize
FNDA:0,_RNvMNtNtNtCsapfZL3txtKN_13identity_iota3did3url3didNtB2_3DID14check_validity
FNF:20
FNH:0
DA:30,0
DA:51,0
DA:54,0
DA:55,0
DA:63,0
DA:65,0
DA:66,0
DA:74,0
DA:75,0
DA:76,0
DA:77,0
DA:116,0
DA:117,0
DA:118,0
DA:119,0
DA:120,0
DA:121,0
DA:123,0
DA:130,0
DA:131,0
DA:132,0
DA:135,0
DA:136,0
DA:137,0
DA:140,0
DA:141,0
DA:142,0
DA:145,0
DA:146,0
DA:147,0
DA:154,0
DA:155,0
DA:156,0
DA:158,0
DA:160,0
DA:167,0
DA:168,0
DA:170,0
DA:171,0
DA:172,0
DA:173,0
DA:174,0
DA:175,0
DA:176,0
DA:178,0
DA:179,0
DA:181,0
DA:183,0
DA:192,0
DA:193,0
DA:195,0
DA:196,0
DA:200,0
DA:201,0
DA:202,0
DA:231,0
DA:232,0
DA:234,0
DA:235,0
DA:236,0
DA:237,0
DA:239,0
DA:240,0
DA:250,0
DA:251,0
DA:252,0
DA:256,0
DA:257,0
DA:258,0
DA:276,0
DA:277,0
DA:278,0
DA:284,0
DA:285,0
DA:286,0
DA:292,0
DA:293,0
DA:294,0
DA:300,0
DA:301,0
DA:302,0
DA:318,0
DA:319,0
DA:320,0
DA:321,0
DA:322,0
DA:323,0
DA:324,0
DA:325,0
DA:328,0
DA:329,0
DA:330,0
DA:331,0
DA:332,0
DA:333,0
DA:336,0
DA:337,0
DA:338,0
DA:339,0
DA:340,0
DA:342,0
DA:343,0
DA:345,0
DA:346,0
DA:347,0
DA:350,0
DA:351,0
DA:352,0
DA:353,0
DA:354,0
DA:356,0
DA:357,0
DA:359,0
DA:360,0
DA:361,0
DA:364,0
DA:365,0
DA:366,0
DA:367,0
DA:368,0
DA:370,0
DA:371,0
DA:372,0
DA:375,0
DA:376,0
DA:377,0
DA:379,0
DA:380,0
DA:382,0
DA:383,0
DA:384,0
DA:387,0
DA:388,0
DA:389,0
DA:390,0
DA:393,0
DA:394,0
DA:395,0
DA:396,0
DA:398,0
DA:399,0
DA:400,0
DA:401,0
DA:404,0
DA:405,0
DA:406,0
DA:407,0
DA:409,0
DA:410,0
DA:411,0
DA:412,0
DA:415,0
DA:416,0
DA:417,0
DA:418,0
DA:420,0
DA:421,0
DA:422,0
DA:423,0
DA:426,0
DA:427,0
DA:428,0
DA:429,0
DA:430,0
DA:431,0
DA:432,0
DA:433,0
DA:434,0
DA:435,0
DA:436,0
DA:437,0
DA:439,0
DA:440,0
BRF:0
BFH:0
LF:187
LH:0
end_of_record
SF:identity-iota/src/did/url/segments.rs
FN:53,_RNvMNtNtNtCs8WRqiRN7SZr_13identity_iota3did3url8segmentsNtB2_8Segments3tag
FN:45,_RNvMNtNtNtCs8WRqiRN7SZr_13identity_iota3did3url8segmentsNtB2_8Segments5shard
FN:37,_RNvMNtNtNtCs8WRqiRN7SZr_13identity_iota3did3url8segmentsNtB2_8Segments7network
FN:45,_RNvMNtNtNtCsapfZL3txtKN_13identity_iota3did3url8segmentsNtB2_8Segments5shard
FN:29,_RNvMNtNtNtCsapfZL3txtKN_13identity_iota3did3url8segmentsNtB2_8Segments18is_default_network
FN:53,_RNvMNtNtNtCsapfZL3txtKN_13identity_iota3did3url8segmentsNtB2_8Segments3tag
FN:37,_RNvMNtNtNtCsapfZL3txtKN_13identity_iota3did3url8segmentsNtB2_8Segments7network
FNDA:0,_RNvMNtNtNtCs8WRqiRN7SZr_13identity_iota3did3url8segmentsNtB2_8Segments3tag
FNDA:0,_RNvMNtNtNtCs8WRqiRN7SZr_13identity_iota3did3url8segmentsNtB2_8Segments5shard
FNDA:0,_RNvMNtNtNtCs8WRqiRN7SZr_13identity_iota3did3url8segmentsNtB2_8Segments7network
FNDA:0,_RNvMNtNtNtCsapfZL3txtKN_13identity_iota3did3url8segmentsNtB2_8Segments5shard
FNDA:0,_RNvMNtNtNtCsapfZL3txtKN_13identity_iota3did3url8segmentsNtB2_8Segments18is_default_network
FNDA:0,_RNvMNtNtNtCsapfZL3txtKN_13identity_iota3did3url8segmentsNtB2_8Segments3tag
FNDA:0,_RNvMNtNtNtCsapfZL3txtKN_13identity_iota3did3url8segmentsNtB2_8Segments7network
FNF:4
FNH:0
DA:29,0
DA:30,0
DA:31,0
DA:32,0
DA:33,0
DA:35,0
DA:37,0
DA:38,0
DA:39,0
DA:40,0
DA:41,0
DA:43,0
DA:45,0
DA:46,0
DA:47,0
DA:48,0
DA:49,0
DA:51,0
DA:53,0
DA:54,0
DA:55,0
DA:56,0
DA:57,0
DA:59,0
BRF:0
BFH:0
LF:24
LH:0
end_of_record
SF:identity-iota/src/tangle/message.rs
FN:51,_RNvMNtNtCsapfZL3txtKN_13identity_iota6tangle7messageNtB2_7Message15try_from_bundle
FNDA:0,_RNvMNtNtCsapfZL3txtKN_13identity_iota6tangle7messageNtB2_7Message15try_from_bundle
FNF:1
FNH:0
DA:51,0
DA:52,0
DA:53,0
DA:54,0
DA:55,0
DA:57,0
DA:58,0
DA:59,0
DA:60,0
DA:62,0
DA:63,0
DA:64,0
DA:65,0
DA:66,0
DA:67,0
DA:68,0
BRF:0
BFH:0
LF:16
LH:0
end_of_record
SF:identity-iota/src/tangle/message_id.rs
FN:9,_RNvXs_NtNtCs8WRqiRN7SZr_13identity_iota6tangle10message_idNtB4_9MessageIdNtNtCs4RZURTQcbNt_4core3fmt5Debug3fmt
FN:33,_RNvMNtNtCs8WRqiRN7SZr_13identity_iota6tangle10message_idNtB2_9MessageId7is_some
FN:78,_RNvNtNtCs8WRqiRN7SZr_13identity_iota6tangle10message_id12maybe_trytes
FN:29,_RNvMNtNtCs8WRqiRN7SZr_13identity_iota6tangle10message_idNtB2_9MessageId7is_none
FN:16,_RINvMNtNtCs8WRqiRN7SZr_13identity_iota6tangle10message_idNtB3_9MessageId3newNtNtCslaFPCg94Pel_5alloc6string6StringEB7_
FN:16,_RINvMNtNtCs8WRqiRN7SZr_13identity_iota6tangle10message_idNtB3_9MessageId3newReEB7_
FN:70,_RNvXs3_NtNtCs8WRqiRN7SZr_13identity_iota6tangle10message_idNtB5_9MessageIdINtNtCs4RZURTQcbNt_4core3cmp9PartialEqReE2eqB9_
FN:92,_RNvNtNtNtCs8WRqiRN7SZr_13identity_iota6tangle10message_id5testss_8test_new
FN:16,_RINvMNtNtCsapfZL3txtKN_13identity_iota6tangle10message_idNtB3_9MessageId3newNtNtCslaFPCg94Pel_5alloc6string6StringEB7_
FN:9,_RNvMNtNtCsapfZL3txtKN_13identity_iota6tangle10message_idNtB2_9MessageId7is_some
FN:29,_RNvMNtNtCsapfZL3txtKN_13identity_iota6tangle10message_idNtB2_9MessageId7is_none
FN:78,_RNvNtNtCsapfZL3txtKN_13identity_iota6tangle10message_id12maybe_trytes
FNDA:0,_RNvXs_NtNtCs8WRqiRN7SZr_13identity_iota6tangle10message_idNtB4_9MessageIdNtNtCs4RZURTQcbNt_4core3fmt5Debug3fmt
FNDA:0,_RNvMNtNtCs8WRqiRN7SZr_13identity_iota6tangle10message_idNtB2_9MessageId7is_some
FNDA:0,_RNvNtNtCs8WRqiRN7SZr_13identity_iota6tangle10message_id12maybe_trytes
FNDA:0,_RNvMNtNtCs8WRqiRN7SZr_13identity_iota6tangle10message_idNtB2_9MessageId7is_none
FNDA:0,_RINvMNtNtCs8WRqiRN7SZr_13identity_iota6tangle10message_idNtB3_9MessageId3newNtNtCslaFPCg94Pel_5alloc6string6StringEB7_
FNDA:0,_RINvMNtNtCs8WRqiRN7SZr_13identity_iota6tangle10message_idNtB3_9MessageId3newReEB7_
FNDA:0,_RNvXs3_NtNtCs8WRqiRN7SZr_13identity_iota6tangle10message_idNtB5_9MessageIdINtNtCs4RZURTQcbNt_4core3cmp9PartialEqReE2eqB9_
FNDA:0,_RNvNtNtNtCs8WRqiRN7SZr_13identity_iota6tangle10message_id5testss_8test_new
FNDA:0,_RINvMNtNtCsapfZL3txtKN_13identity_iota6tangle10message_idNtB3_9MessageId3newNtNtCslaFPCg94Pel_5alloc6string6StringEB7_
FNDA:0,_RNvMNtNtCsapfZL3txtKN_13identity_iota6tangle10message_idNtB2_9MessageId7is_some
FNDA:0,_RNvMNtNtCsapfZL3txtKN_13identity_iota6tangle10message_idNtB2_9MessageId7is_none
FNDA:0,_RNvNtNtCsapfZL3txtKN_13identity_iota6tangle10message_id12maybe_trytes
FNF:7
FNH:0
DA:9,0
DA:16,0
DA:17,0
DA:18,0
DA:19,0
DA:20,0
DA:21,0
DA:22,0
DA:23,0
DA:25,0
DA:27,0
DA:29,0
DA:30,0
DA:31,0
DA:33,0
DA:34,0
DA:35,0
DA:37,0
DA:38,0
DA:39,0
DA:43,0
DA:44,0
DA:45,0
DA:49,0
DA:50,0
DA:51,0
DA:55,0
DA:56,0
DA:57,0
DA:61,0
DA:62,0
DA:63,0
DA:70,0
DA:71,0
DA:72,0
DA:73,0
DA:75,0
DA:78,0
DA:79,0
DA:80,0
DA:81,0
DA:82,0
DA:83,0
DA:84,0
DA:92,0
DA:94,0
DA:95,0
DA:98,0
DA:99,0
DA:100,0
DA:101,0
DA:102,0
DA:103,0
BRF:0
BFH:0
LF:53
LH:0
end_of_record
SF:identity-iota/src/tangle/message_index.rs
FN:36,_RINvMNtNtCs8WRqiRN7SZr_13identity_iota6tangle13message_indexINtB3_12MessageIndexNtNtB3_5tests4CaseE12remove_whereNtNtB5_10message_id9MessageIdNCNvB1i_s_17test_remove_where0EB7_
FN:36,_RINvMNtNtCs8WRqiRN7SZr_13identity_iota6tangle13message_indexINtB3_12MessageIndexNtNtB3_5tests4CaseE12remove_whereNtNtB5_10message_id9MessageIdNCNvB1i_s_17test_remove_wheres0_0EB7_
FN:36,_RINvMNtNtCs8WRqiRN7SZr_13identity_iota6tangle13message_indexINtB3_12MessageIndexNtNtB3_5tests4CaseE12remove_whereNtNtB5_10message_id9MessageIdNCNvB1i_s_17test_remove_wheres1_0EB7_
FN:36,_RINvMNtNtCs8WRqiRN7SZr_13identity_iota6tangle13message_indexINtB3_12MessageIndexNtNtB3_5tests4CaseE12remove_whereNtNtB5_10message_id9MessageIdNCNvB1i_s_17test_remove_wheres_0EB7_
FN:48,_RNvMs_NtNtCs8WRqiRN7SZr_13identity_iota6tangle13message_indexINtB4_12MessageIndexNtNtB4_5tests4CaseE6insertB8_
FN:58,_RINvMs_NtNtCs8WRqiRN7SZr_13identity_iota6tangle13message_indexINtB5_12MessageIndexNtNtB5_5tests4CaseE6extendINtNtCslaFPCg94Pel_5alloc3vec3VecB1i_EEB9_
FN:163,_RNvNtNtNtCs8WRqiRN7SZr_13identity_iota6tangle13message_index5testss_10test_works
FN:175,_RNvNtNtNtCs8WRqiRN7SZr_13identity_iota6tangle13message_index5testss_17test_remove_where
FN:15,_RNvXs_NtNtNtCs8WRqiRN7SZr_13identity_iota6tangle13message_index5testsNtB4_4CaseNtNtB8_6traits9TangleRef19previous_message_id
FN:48,_RNvMs_NtNtCsapfZL3txtKN_13identity_iota6tangle13message_indexINtB4_12MessageIndexNtNtNtNtB8_3did3doc4diff12DocumentDiffE6insertB8_
FN:48,_RNvMs_NtNtCsapfZL3txtKN_13identity_iota6tangle13message_indexINtB4_12MessageIndexNtNtNtNtB8_3did3doc8document8DocumentE6insertB8_
FN:58,_RINvMs_NtNtCsapfZL3txtKN_13identity_iota6tangle13message_indexINtB5_12MessageIndexNtNtNtNtB9_3did3doc4diff12DocumentDiffE6extendINtNtNtNtCs4RZURTQcbNt_4core4iter8adapters7flatten7FlatMapINtNtNtB2b_5slice4iter4IterNtNtB7_7message7MessageEINtNtB2b_6option6OptionB1i_ENCNvMNtNtB9_5chain4diffNtB4k_9DiffChain17try_from_messages0EEB9_
FN:36,_RINvMNtNtCsapfZL3txtKN_13identity_iota6tangle13message_indexINtB3_12MessageIndexNtNtNtNtB7_3did3doc8document8DocumentE12remove_whereNtNtB5_10message_id9MessageIdNCNvMNtNtB7_5chain4authNtB2E_9AuthChain17try_from_messagess_0EB7_
FN:58,_RINvMs_NtNtCsapfZL3txtKN_13identity_iota6tangle13message_indexINtB5_12MessageIndexNtNtNtNtB9_3did3doc8document8DocumentE6extendINtNtNtNtCs4RZURTQcbNt_4core4iter8adapters7flatten7FlatMapINtNtNtB2a_5slice4iter4IterNtNtB7_7message7MessageEINtNtB2a_6option6OptionB1i_ENCNvMNtNtB9_5chain4authNtB4j_9AuthChain17try_from_messages0EEB9_
FNDA:0,_RINvMNtNtCs8WRqiRN7SZr_13identity_iota6tangle13message_indexINtB3_12MessageIndexNtNtB3_5tests4CaseE12remove_whereNtNtB5_10message_id9MessageIdNCNvB1i_s_17test_remove_where0EB7_
FNDA:0,_RINvMNtNtCs8WRqiRN7SZr_13identity_iota6tangle13message_indexINtB3_12MessageIndexNtNtB3_5tests4CaseE12remove_whereNtNtB5_10message_id9MessageIdNCNvB1i_s_17test_remove_wheres0_0EB7_
FNDA:0,_RINvMNtNtCs8WRqiRN7SZr_13identity_iota6tangle13message_indexINtB3_12MessageIndexNtNtB3_5tests4CaseE12remove_whereNtNtB5_10message_id9MessageIdNCNvB1i_s_17test_remove_wheres1_0EB7_
FNDA:0,_RINvMNtNtCs8WRqiRN7SZr_13identity_iota6tangle13message_indexINtB3_12MessageIndexNtNtB3_5tests4CaseE12remove_whereNtNtB5_10message_id9MessageIdNCNvB1i_s_17test_remove_wheres_0EB7_
FNDA:0,_RNvMs_NtNtCs8WRqiRN7SZr_13identity_iota6tangle13message_indexINtB4_12MessageIndexNtNtB4_5tests4CaseE6insertB8_
FNDA:0,_RINvMs_NtNtCs8WRqiRN7SZr_13identity_iota6tangle13message_indexINtB5_12MessageIndexNtNtB5_5tests4CaseE6extendINtNtCslaFPCg94Pel_5alloc3vec3VecB1i_EEB9_
FNDA:0,_RNvNtNtNtCs8WRqiRN7SZr_13identity_iota6tangle13message_index5testss_10test_works
FNDA:0,_RNvNtNtNtCs8WRqiRN7SZr_13identity_iota6tangle13message_index5testss_17test_remove_where
FNDA:0,_RNvXs_NtNtNtCs8WRqiRN7SZr_13identity_iota6tangle13message_index5testsNtB4_4CaseNtNtB8_6traits9TangleRef19previous_message_id
FNDA:0,_RNvMs_NtNtCsapfZL3txtKN_13identity_iota6tangle13message_indexINtB4_12MessageIndexNtNtNtNtB8_3did3doc4diff12DocumentDiffE6insertB8_
FNDA:0,_RNvMs_NtNtCsapfZL3txtKN_13identity_iota6tangle13message_indexINtB4_12MessageIndexNtNtNtNtB8_3did3doc8document8DocumentE6insertB8_
FNDA:0,_RINvMs_NtNtCsapfZL3txtKN_13identity_iota6tangle13message_indexINtB5_12MessageIndexNtNtNtNtB9_3did3doc4diff12DocumentDiffE6extendINtNtNtNtCs4RZURTQcbNt_4core4iter8adapters7flatten7FlatMapINtNtNtB2b_5slice4iter4IterNtNtB7_7message7MessageEINtNtB2b_6option6OptionB1i_ENCNvMNtNtB9_5chain4diffNtB4k_9DiffChain17try_from_messages0EEB9_
FNDA:0,_RINvMNtNtCsapfZL3txtKN_13identity_iota6tangle13message_indexINtB3_12MessageIndexNtNtNtNtB7_3did3doc8document8DocumentE12remove_whereNtNtB5_10message_id9MessageIdNCNvMNtNtB7_5chain4authNtB2E_9AuthChain17try_from_messagess_0EB7_
FNDA:0,_RINvMs_NtNtCsapfZL3txtKN_13identity_iota6tangle13message_indexINtB5_12MessageIndexNtNtNtNtB9_3did3doc8document8DocumentE6extendINtNtNtNtCs4RZURTQcbNt_4core4iter8adapters7flatten7FlatMapINtNtNtB2a_5slice4iter4IterNtNtB7_7message7MessageEINtNtB2a_6option6OptionB1i_ENCNvMNtNtB9_5chain4authNtB4j_9AuthChain17try_from_messages0EEB9_
FNF:6
FNH:0
DA:15,0
DA:36,0
DA:37,0
DA:39,0
DA:41,0
DA:48,0
DA:49,0
DA:51,0
DA:52,0
DA:53,0
DA:54,0
DA:55,0
DA:56,0
DA:58,0
DA:59,0
DA:60,0
DA:61,0
DA:62,0
DA:63,0
DA:64,0
DA:65,0
DA:69,0
DA:70,0
DA:71,0
DA:83,0
DA:84,0
DA:85,0
DA:92,0
DA:93,0
DA:94,0
DA:95,0
DA:96,0
DA:97,0
DA:98,0
DA:99,0
DA:106,0
DA:128,0
DA:129,0
DA:130,0
DA:132,0
DA:133,0
DA:134,0
DA:136,0
DA:137,0
DA:138,0
DA:140,0
DA:141,0
DA:142,0
DA:163,0
DA:164,0
DA:166,0
DA:167,0
DA:168,0
DA:169,0
DA:170,0
DA:171,0
DA:175,0
DA:176,0
DA:177,0
DA:178,0
DA:179,0
DA:180,0
DA:181,0
DA:183,0
DA:184,0
DA:185,0
DA:187,0
DA:188,0
DA:189,0
DA:190,0
DA:191,0
DA:192,0
DA:194,0
DA:195,0
DA:196,0
BRF:0
BFH:0
LF:75
LH:0
end_of_record
SF:identity-iota/src/utils.rs
FN:17,_RNvNtCs8WRqiRN7SZr_13identity_iota5utils8to_tryte
FN:53,_RINvNtCsapfZL3txtKN_13identity_iota5utils14trytes_to_utf8RNtNtCslaFPCg94Pel_5alloc6string6StringEB4_
FN:37,_RINvNtCsapfZL3txtKN_13identity_iota5utils25create_address_from_tritsReEB4_
FN:57,_RNvNtCsapfZL3txtKN_13identity_iota5utils19bundles_from_trytes
FNDA:0,_RNvNtCs8WRqiRN7SZr_13identity_iota5utils8to_tryte
FNDA:0,_RINvNtCsapfZL3txtKN_13identity_iota5utils14trytes_to_utf8RNtNtCslaFPCg94Pel_5alloc6string6StringEB4_
FNDA:0,_RINvNtCsapfZL3txtKN_13identity_iota5utils25create_address_from_tritsReEB4_
FNDA:0,_RNvNtCsapfZL3txtKN_13identity_iota5utils19bundles_from_trytes
FNF:4
FNH:0
DA:17,0
DA:18,0
DA:19,0
DA:20,0
DA:21,0
DA:22,0
DA:23,0
DA:24,0
DA:26,0
DA:27,0
DA:28,0
DA:30,0
DA:31,0
DA:32,0
DA:33,0
DA:34,0
DA:35,0
DA:37,0
DA:38,0
DA:39,0
DA:40,0
DA:41,0
DA:42,0
DA:44,0
DA:45,0
DA:46,0
DA:47,0
DA:53,0
DA:54,0
DA:55,0
DA:57,0
DA:58,0
DA:59,0
DA:60,0
DA:61,0
DA:62,0
DA:63,0
DA:64,0
DA:65,0
DA:66,0
DA:67,0
DA:68,0
DA:70,0
DA:71,0
DA:74,0
DA:75,0
DA:76,0
DA:77,0
DA:78,0
DA:79,0
DA:80,0
DA:82,0
DA:83,0
DA:86,0
DA:89,0
DA:90,0
DA:92,0
DA:93,0
DA:94,0
DA:96,0
DA:97,0
DA:98,0
BRF:0
BFH:0
LF:90
LH:0
end_of_record
